#
# An unexpected error has occurred (11)
#
Stack:
/lib/x86_64-linux-gnu/libc.so.6(+0x42520) [0x7d06f9a42520]
/home/user/software/vivado2024/Vivado/2024.1/lib/lnx64.o/librdi_synth.so(GXorGen::bestSoln(NTargetLib, NCostBucketType, int, bool, bool, unsigned long long*, TTime*)+0x215) [0x7d06c162b125]
/home/user/software/vivado2024/Vivado/2024.1/lib/lnx64.o/librdi_synth.so(GSolns::init(NTargetLib, NCostBucketType)+0x71f) [0x7d06c162978f]
/home/user/software/vivado2024/Vivado/2024.1/lib/lnx64.o/librdi_synth.so(GLogicBddToGate::generate(BDD const&, BDD const&, int, SPin*, SPin**, bool, bool, bool, bool)+0x37d) [0x7d06c16491cd]
/home/user/software/vivado2024/Vivado/2024.1/lib/lnx64.o/librdi_synth.so(GFunc::GFunc(NBaseMod, BDD, BDD, int, SPin*, SPin**, UTrace const&, bool, bool, bool, bool)+0x303) [0x7d06c1688c03]
/home/user/software/vivado2024/Vivado/2024.1/lib/lnx64.o/librdi_synth.so(GFuncVar::generate(NBaseMod, bool, SPin*, bool, int, bool)+0x211) [0x7d06c1689f01]
/home/user/software/vivado2024/Vivado/2024.1/lib/lnx64.o/librdi_synth.so(GDpGen::implementProductTerms(DFNode*, bool, UList<SPinArray*, UListNode<SPinArray*>, SPinArray*, UEValue<SPinArray*, UListNode<SPinArray*> > >&, UHashMap<SPinPair, SPin, SPinPair, UEKey<SPinPair> >*)+0xb13) [0x7d06c15f0a53]
/home/user/software/vivado2024/Vivado/2024.1/lib/lnx64.o/librdi_synth.so(GDpGen::implementMultiplier(DFNode*, bool)+0x4ab) [0x7d06c15f4dbb]
/home/user/software/vivado2024/Vivado/2024.1/lib/lnx64.o/librdi_synth.so(HARTGDpGen::implementMultiplier(DFNode*, bool)+0x1b9) [0x7d06c0c693b9]
/home/user/software/vivado2024/Vivado/2024.1/lib/lnx64.o/librdi_synth.so(GDpGen::implementBinary(DFNode*, bool)+0xdf) [0x7d06c15ef60f]
/home/user/software/vivado2024/Vivado/2024.1/lib/lnx64.o/librdi_synth.so(GDpGen::implement(DFNode*, bool)+0x4e) [0x7d06c15ef7ae]
/home/user/software/vivado2024/Vivado/2024.1/lib/lnx64.o/librdi_synth.so(GDpGen::connectNode(DFNode*)+0x13b) [0x7d06c15cd3db]
/home/user/software/vivado2024/Vivado/2024.1/lib/lnx64.o/librdi_synth.so(HSynMod::connectInputPin(SPinArray*, DFPin*)+0x3a0) [0x7d06c1aae710]
/home/user/software/vivado2024/Vivado/2024.1/lib/lnx64.o/librdi_synth.so(HSynMod::connectNets()+0x74) [0x7d06c1ab02a4]
/home/user/software/vivado2024/Vivado/2024.1/lib/lnx64.o/librdi_synth.so(GDpGen::regenerate(bool, bool)+0x62) [0x7d06c15ccbc2]
/home/user/software/vivado2024/Vivado/2024.1/lib/lnx64.o/librdi_synth.so(HARTGDpGen::regenerate(bool, bool)+0xa1) [0x7d06c0c66821]
/home/user/software/vivado2024/Vivado/2024.1/lib/lnx64.o/librdi_synth.so(GDpGen::generate(bool)+0x42f) [0x7d06c15cd85f]
/home/user/software/vivado2024/Vivado/2024.1/lib/lnx64.o/librdi_synth.so(GDp::GDp(NRealMod, DFGraph*, bool)+0x56) [0x7d06c1b92336]
/home/user/software/vivado2024/Vivado/2024.1/lib/lnx64.o/librdi_synth.so(HSynMod::createNonModGraph(DFNode*, bool)+0xc84) [0x7d06c1a9f0c4]
/home/user/software/vivado2024/Vivado/2024.1/lib/lnx64.o/librdi_synth.so(HSynMod::connectGraph(DFNode*)+0xa6) [0x7d06c1aafa26]
/home/user/software/vivado2024/Vivado/2024.1/lib/lnx64.o/librdi_synth.so(HSynMod::connectInputPin(SPinArray*, DFPin*)+0x38b) [0x7d06c1aae6fb]
/home/user/software/vivado2024/Vivado/2024.1/lib/lnx64.o/librdi_synth.so(HSynMod::connectNets()+0x74) [0x7d06c1ab02a4]
/home/user/software/vivado2024/Vivado/2024.1/lib/lnx64.o/librdi_synth.so(HSynMod::regenerate(bool)+0x24) [0x7d06c1aa8e64]
/home/user/software/vivado2024/Vivado/2024.1/lib/lnx64.o/librdi_synth.so(GSyn::generateFpga(NRealMod, bool)+0x4f2) [0x7d06c15c8792]
/home/user/software/vivado2024/Vivado/2024.1/lib/lnx64.o/librdi_synth.so(GSyn::generate(NRealMod, bool)+0x283) [0x7d06c15c9133]
/home/user/software/vivado2024/Vivado/2024.1/lib/lnx64.o/librdi_synth.so(NRealMod::regenerate(bool)+0x27) [0x7d06c15c93e7]
/home/user/software/vivado2024/Vivado/2024.1/lib/lnx64.o/librdi_synth.so(HARTNDb::HARTMergeResynPartitionsR(NRealMod, HARTNDb::MergePhase, bool)+0x261c) [0x7d06c0881b0c]
/home/user/software/vivado2024/Vivado/2024.1/lib/lnx64.o/librdi_synth.so(HARTNDb::HARTMergeResynPartitions(NRealMod, HARTNDb::MergePhase, bool)+0x180) [0x7d06c08829d0]
/home/user/software/vivado2024/Vivado/2024.1/lib/lnx64.o/librdi_synth.so(HARTNDb::reSynthReInfer(bool)+0xe2) [0x7d06c0882bf2]
/home/user/software/vivado2024/Vivado/2024.1/lib/lnx64.o/librdi_synth.so(+0x1419763) [0x7d06c0a19763]
/home/user/software/vivado2024/Vivado/2024.1/lib/lnx64.o/librdi_synth.so(+0x13623e5) [0x7d06c09623e5]
/home/user/software/vivado2024/Vivado/2024.1/lib/lnx64.o/libtcl8.6.so(TclNRRunCallbacks+0x47) [0x7d06f9c84497]
/home/user/software/vivado2024/Vivado/2024.1/lib/lnx64.o/librdi_commontasks.so(+0x25c6d1) [0x7d06eec5c6d1]
/home/user/software/vivado2024/Vivado/2024.1/lib/lnx64.o/libtcl8.6.so(TclNRRunCallbacks+0x47) [0x7d06f9c84497]
/home/user/software/vivado2024/Vivado/2024.1/lib/lnx64.o/librdi_commontasks.so(+0x25c6d1) [0x7d06eec5c6d1]
/home/user/software/vivado2024/Vivado/2024.1/lib/lnx64.o/libtcl8.6.so(TclNRRunCallbacks+0x47) [0x7d06f9c84497]
/home/user/software/vivado2024/Vivado/2024.1/lib/lnx64.o/libtcl8.6.so(+0x45309) [0x7d06f9c86309]
/home/user/software/vivado2024/Vivado/2024.1/lib/lnx64.o/libtcl8.6.so(Tcl_FSEvalFileEx+0x1f8) [0x7d06f9d3bae8]
/home/user/software/vivado2024/Vivado/2024.1/lib/lnx64.o/librdi_commontasks.so(+0x27c1d5) [0x7d06eec7c1d5]
/home/user/software/vivado2024/Vivado/2024.1/lib/lnx64.o/librdi_common.so(+0xd85d9f) [0x7d06fb385d9f]
/home/user/software/vivado2024/Vivado/2024.1/lib/lnx64.o/libtcl8.6.so(TclNRRunCallbacks+0x47) [0x7d06f9c84497]
/home/user/software/vivado2024/Vivado/2024.1/lib/lnx64.o/libtcl8.6.so(+0x45309) [0x7d06f9c86309]
/home/user/software/vivado2024/Vivado/2024.1/lib/lnx64.o/libtcl8.6.so(Tcl_FSEvalFileEx+0x1f8) [0x7d06f9d3bae8]
/home/user/software/vivado2024/Vivado/2024.1/lib/lnx64.o/librdi_commontasks.so(+0x27c1d5) [0x7d06eec7c1d5]
/home/user/software/vivado2024/Vivado/2024.1/lib/lnx64.o/librdi_common.so(+0xd85d9f) [0x7d06fb385d9f]
/home/user/software/vivado2024/Vivado/2024.1/lib/lnx64.o/libtcl8.6.so(TclNRRunCallbacks+0x47) [0x7d06f9c84497]
/home/user/software/vivado2024/Vivado/2024.1/lib/lnx64.o/librdi_commontasks.so(+0x25c6d1) [0x7d06eec5c6d1]
/home/user/software/vivado2024/Vivado/2024.1/lib/lnx64.o/libtcl8.6.so(TclNRRunCallbacks+0x47) [0x7d06f9c84497]
/home/user/software/vivado2024/Vivado/2024.1/lib/lnx64.o/librdi_common.so(hdi::tcltasks::task_manager::eval_in_tcl(Tcl_Interp*, Tcl_Obj*, char const*, bool)+0x7ad) [0x7d06fb38415d]
/home/user/software/vivado2024/Vivado/2024.1/lib/lnx64.o/librdi_synth.so(HARTSWorker::runInternal()+0xe5) [0x7d06c15587a5]
/home/user/software/vivado2024/Vivado/2024.1/lib/lnx64.o/librdi_synth.so(HARTSWorker::runJob(HARTSWorkerConfig&)+0x3f) [0x7d06c1559f5f]
/home/user/software/vivado2024/Vivado/2024.1/lib/lnx64.o/librdi_synth.so(HARTSWorker::mainLoop()+0x8b) [0x7d06c155bc4b]
/home/user/software/vivado2024/Vivado/2024.1/lib/lnx64.o/librdi_synth.so(HARTNDb::parallelListen(char const*, char const*, char const*)+0x39) [0x7d06c08dece9]
/home/user/software/vivado2024/Vivado/2024.1/lib/lnx64.o/librdi_synth.so(+0x14a4a74) [0x7d06c0aa4a74]
/home/user/software/vivado2024/Vivado/2024.1/lib/lnx64.o/librdi_synth.so(+0x13623e5) [0x7d06c09623e5]
/home/user/software/vivado2024/Vivado/2024.1/lib/lnx64.o/libtcl8.6.so(TclNRRunCallbacks+0x47) [0x7d06f9c84497]
/home/user/software/vivado2024/Vivado/2024.1/lib/lnx64.o/librdi_commontasks.so(+0x25c62e) [0x7d06eec5c62e]
/home/user/software/vivado2024/Vivado/2024.1/lib/lnx64.o/libtcl8.6.so(TclNRRunCallbacks+0x47) [0x7d06f9c84497]
/home/user/software/vivado2024/Vivado/2024.1/lib/lnx64.o/libtcl8.6.so(+0x45309) [0x7d06f9c86309]
/home/user/software/vivado2024/Vivado/2024.1/lib/lnx64.o/libtcl8.6.so(Tcl_FSEvalFileEx+0x1f8) [0x7d06f9d3bae8]
/home/user/software/vivado2024/Vivado/2024.1/lib/lnx64.o/librdi_commontasks.so(+0x27c1d5) [0x7d06eec7c1d5]
/home/user/software/vivado2024/Vivado/2024.1/lib/lnx64.o/librdi_common.so(+0xd85d9f) [0x7d06fb385d9f]
/home/user/software/vivado2024/Vivado/2024.1/lib/lnx64.o/libtcl8.6.so(TclNRRunCallbacks+0x47) [0x7d06f9c84497]
/home/user/software/vivado2024/Vivado/2024.1/lib/lnx64.o/librdi_commontasks.so(+0x2c4bad) [0x7d06eecc4bad]
/home/user/software/vivado2024/Vivado/2024.1/lib/lnx64.o/librdi_commontasks.so(+0x2c61df) [0x7d06eecc61df]
/home/user/software/vivado2024/Vivado/2024.1/lib/lnx64.o/librdi_common.so(+0xd85d9f) [0x7d06fb385d9f]
/home/user/software/vivado2024/Vivado/2024.1/lib/lnx64.o/libtcl8.6.so(TclNRRunCallbacks+0x47) [0x7d06f9c84497]
/home/user/software/vivado2024/Vivado/2024.1/lib/lnx64.o/librdi_commonmain.so(+0xe6d2) [0x7d06fc2846d2]
/home/user/software/vivado2024/Vivado/2024.1/lib/lnx64.o/libtcl8.6.so(Tcl_MainEx+0x1a8) [0x7d06f9d43038]
/home/user/software/vivado2024/Vivado/2024.1/lib/lnx64.o/librdi_common.so(+0xdaf42b) [0x7d06fb3af42b]
/lib/x86_64-linux-gnu/libc.so.6(+0x94ac3) [0x7d06f9a94ac3]
/lib/x86_64-linux-gnu/libc.so.6(+0x126850) [0x7d06f9b26850]
