#
# An unexpected error has occurred (11)
#
Stack:
/lib/x86_64-linux-gnu/libc.so.6(+0x42520) [0x7fcb9d242520]
/home/user/software/vivado2024/Vivado/2024.1/lib/lnx64.o/librdi_synth.so(NDup::dupGlobalNames(UEHashIter<UHashMapNode<char const*, UStringInfo>, char const*, UEKey<char const*>, char const*, UEObject<char const*, UHashMapNode<char const*, UStringInfo> >, char const* const&, UStringInfo, UEValue<UStringInfo, UHashMapNode<char const*, UStringInfo> > >, int)+0xbf) [0x7fcb65683a0f]
/home/user/software/vivado2024/Vivado/2024.1/lib/lnx64.o/librdi_synth.so(NDup::dupStraps(NDupStraps*, NDesC*, NDbC*, char const*, bool, bool)+0x683) [0x7fcb6568a773]
/home/user/software/vivado2024/Vivado/2024.1/lib/lnx64.o/librdi_synth.so(NDup::dumpStraps(NDupStraps*, char const*, NDesC*, char const*, NDupStrapTable*)+0x56) [0x7fcb6568c316]
/home/user/software/vivado2024/Vivado/2024.1/lib/lnx64.o/librdi_synth.so(HARTNDb::writeAGenome(char const*, bool)+0x54a) [0x7fcb640eda7a]
/home/user/software/vivado2024/Vivado/2024.1/lib/lnx64.o/librdi_synth.so(+0x142d2d1) [0x7fcb6422d2d1]
/home/user/software/vivado2024/Vivado/2024.1/lib/lnx64.o/librdi_synth.so(+0x13623e5) [0x7fcb641623e5]
/home/user/software/vivado2024/Vivado/2024.1/lib/lnx64.o/libtcl8.6.so(TclNRRunCallbacks+0x47) [0x7fcb9d484497]
/home/user/software/vivado2024/Vivado/2024.1/lib/lnx64.o/libtcl8.6.so(+0x45309) [0x7fcb9d486309]
/home/user/software/vivado2024/Vivado/2024.1/lib/lnx64.o/libtcl8.6.so(Tcl_FSEvalFileEx+0x1f8) [0x7fcb9d53bae8]
/home/user/software/vivado2024/Vivado/2024.1/lib/lnx64.o/librdi_commontasks.so(+0x27c1d5) [0x7fcb9247c1d5]
/home/user/software/vivado2024/Vivado/2024.1/lib/lnx64.o/librdi_common.so(+0xd85d9f) [0x7fcb9eb85d9f]
/home/user/software/vivado2024/Vivado/2024.1/lib/lnx64.o/libtcl8.6.so(TclNRRunCallbacks+0x47) [0x7fcb9d484497]
/home/user/software/vivado2024/Vivado/2024.1/lib/lnx64.o/libtcl8.6.so(+0x45309) [0x7fcb9d486309]
/home/user/software/vivado2024/Vivado/2024.1/lib/lnx64.o/libtcl8.6.so(Tcl_FSEvalFileEx+0x1f8) [0x7fcb9d53bae8]
/home/user/software/vivado2024/Vivado/2024.1/lib/lnx64.o/librdi_commontasks.so(+0x27c1d5) [0x7fcb9247c1d5]
/home/user/software/vivado2024/Vivado/2024.1/lib/lnx64.o/librdi_common.so(+0xd85d9f) [0x7fcb9eb85d9f]
/home/user/software/vivado2024/Vivado/2024.1/lib/lnx64.o/libtcl8.6.so(TclNRRunCallbacks+0x47) [0x7fcb9d484497]
/home/user/software/vivado2024/Vivado/2024.1/lib/lnx64.o/librdi_commontasks.so(+0x25c6d1) [0x7fcb9245c6d1]
/home/user/software/vivado2024/Vivado/2024.1/lib/lnx64.o/libtcl8.6.so(TclNRRunCallbacks+0x47) [0x7fcb9d484497]
/home/user/software/vivado2024/Vivado/2024.1/lib/lnx64.o/librdi_common.so(hdi::tcltasks::task_manager::eval_in_tcl(Tcl_Interp*, Tcl_Obj*, char const*, bool)+0x7ad) [0x7fcb9eb8415d]
/home/user/software/vivado2024/Vivado/2024.1/lib/lnx64.o/librdi_synth.so(HARTSWorker::runInternal()+0xe5) [0x7fcb64d587a5]
/home/user/software/vivado2024/Vivado/2024.1/lib/lnx64.o/librdi_synth.so(HARTSWorker::runJob(HARTSWorkerConfig&)+0x3f) [0x7fcb64d59f5f]
/home/user/software/vivado2024/Vivado/2024.1/lib/lnx64.o/librdi_synth.so(HARTSWorker::mainLoop()+0x8b) [0x7fcb64d5bc4b]
/home/user/software/vivado2024/Vivado/2024.1/lib/lnx64.o/librdi_synth.so(HARTNDb::parallelListen(char const*, char const*, char const*)+0x39) [0x7fcb640dece9]
/home/user/software/vivado2024/Vivado/2024.1/lib/lnx64.o/librdi_synth.so(+0x14a4a74) [0x7fcb642a4a74]
/home/user/software/vivado2024/Vivado/2024.1/lib/lnx64.o/librdi_synth.so(+0x13623e5) [0x7fcb641623e5]
/home/user/software/vivado2024/Vivado/2024.1/lib/lnx64.o/libtcl8.6.so(TclNRRunCallbacks+0x47) [0x7fcb9d484497]
/home/user/software/vivado2024/Vivado/2024.1/lib/lnx64.o/librdi_commontasks.so(+0x25c62e) [0x7fcb9245c62e]
/home/user/software/vivado2024/Vivado/2024.1/lib/lnx64.o/libtcl8.6.so(TclNRRunCallbacks+0x47) [0x7fcb9d484497]
/home/user/software/vivado2024/Vivado/2024.1/lib/lnx64.o/libtcl8.6.so(+0x45309) [0x7fcb9d486309]
/home/user/software/vivado2024/Vivado/2024.1/lib/lnx64.o/libtcl8.6.so(Tcl_FSEvalFileEx+0x1f8) [0x7fcb9d53bae8]
/home/user/software/vivado2024/Vivado/2024.1/lib/lnx64.o/librdi_commontasks.so(+0x27c1d5) [0x7fcb9247c1d5]
/home/user/software/vivado2024/Vivado/2024.1/lib/lnx64.o/librdi_common.so(+0xd85d9f) [0x7fcb9eb85d9f]
/home/user/software/vivado2024/Vivado/2024.1/lib/lnx64.o/libtcl8.6.so(TclNRRunCallbacks+0x47) [0x7fcb9d484497]
/home/user/software/vivado2024/Vivado/2024.1/lib/lnx64.o/librdi_commontasks.so(+0x2c4bad) [0x7fcb924c4bad]
/home/user/software/vivado2024/Vivado/2024.1/lib/lnx64.o/librdi_commontasks.so(+0x2c61df) [0x7fcb924c61df]
/home/user/software/vivado2024/Vivado/2024.1/lib/lnx64.o/librdi_common.so(+0xd85d9f) [0x7fcb9eb85d9f]
/home/user/software/vivado2024/Vivado/2024.1/lib/lnx64.o/libtcl8.6.so(TclNRRunCallbacks+0x47) [0x7fcb9d484497]
/home/user/software/vivado2024/Vivado/2024.1/lib/lnx64.o/librdi_commonmain.so(+0xe6d2) [0x7fcb9fb686d2]
/home/user/software/vivado2024/Vivado/2024.1/lib/lnx64.o/libtcl8.6.so(Tcl_MainEx+0x1a8) [0x7fcb9d543038]
/home/user/software/vivado2024/Vivado/2024.1/lib/lnx64.o/librdi_common.so(+0xdaf42b) [0x7fcb9ebaf42b]
/lib/x86_64-linux-gnu/libc.so.6(+0x94ac3) [0x7fcb9d294ac3]
/lib/x86_64-linux-gnu/libc.so.6(+0x126850) [0x7fcb9d326850]
