#
# An unexpected error has occurred (11)
#
Stack:
/lib/x86_64-linux-gnu/libc.so.6(+0x42520) [0x7fc8a0a42520]
/home/user/software/vivado2024/Vivado/2024.1/lib/lnx64.o/librdi_synth.so(NTargetLibC::findCell(UString const&) const+0x6) [0x7fc868ef5e76]
/home/user/software/vivado2024/Vivado/2024.1/lib/lnx64.o/librdi_synth.so(HARTLutMap::HARTLutMap(NRealMod)+0x23f) [0x7fc867ea523f]
/home/user/software/vivado2024/Vivado/2024.1/lib/lnx64.o/librdi_synth.so(HARTNlOptimizeFrameWork::domap(NRealMod, bool, int&, int&, int&)+0x32) [0x7fc86817ef52]
/home/user/software/vivado2024/Vivado/2024.1/lib/lnx64.o/librdi_synth.so(HARTNlOptimizeFrameWork::_algNoXor(NInst)+0x4cb) [0x7fc86818cf5b]
/home/user/software/vivado2024/Vivado/2024.1/lib/lnx64.o/librdi_synth.so(HARTNlOptimizeFrameWork::_algInParts(int)+0x855) [0x7fc86819a5f5]
/home/user/software/vivado2024/Vivado/2024.1/lib/lnx64.o/librdi_synth.so(HARTNlOptimizeFrameWork::_run_1_alg_basic(int, bool)+0x53) [0x7fc86817f523]
/home/user/software/vivado2024/Vivado/2024.1/lib/lnx64.o/librdi_synth.so(HARTNlOptimizeFrameWork::_runNalgorithms(bool)+0x302) [0x7fc8681ab1e2]
/home/user/software/vivado2024/Vivado/2024.1/lib/lnx64.o/librdi_synth.so(HARTNlOptimizeFrameWork::optimize(int&)+0x1d8) [0x7fc8681ac828]
/home/user/software/vivado2024/Vivado/2024.1/lib/lnx64.o/librdi_synth.so(HARTNlOptimize::modOptimize(NRealMod, char const*, NInstC*)+0x179) [0x7fc8682b2819]
/home/user/software/vivado2024/Vivado/2024.1/lib/lnx64.o/librdi_synth.so(HARTNlOptimize::optimizeRecurse(NRealMod, char const*, NInstC*)+0xa1) [0x7fc8682b34b1]
/home/user/software/vivado2024/Vivado/2024.1/lib/lnx64.o/librdi_synth.so(HARTNlOptimize::optimizeTop(char const*, NInstC*)+0x338) [0x7fc8682b3878]
/home/user/software/vivado2024/Vivado/2024.1/lib/lnx64.o/librdi_synth.so(HARTLOptAbc::runNlOpt(LOptAbc*, NTargetLib&, UList<NInstC*, UListNode<NInstC*>, NInstC*, UEValue<NInstC*, UListNode<NInstC*> > >&, UHashMapList<NPinC*, int, NPinC*, UEKey<NPinC*> >&, int&, int&, std::vector<int, std::allocator<int> > const&, _IO_FILE*, _IO_FILE*)+0x50f) [0x7fc8680c544f]
/home/user/software/vivado2024/Vivado/2024.1/lib/lnx64.o/librdi_synth.so(LOptAbc::doOpt(NRealMod, bool, bool, bool, TTime, long long&, TTime&, NPin&, bool&, int&, int&)+0x115a) [0x7fc868abff6a]
/home/user/software/vivado2024/Vivado/2024.1/lib/lnx64.o/librdi_synth.so(HARTLOptAbc::doOpt(NRealMod, bool, bool, bool, TTime, long long&, TTime&, NPin&, bool&, int&, int&)+0x203) [0x7fc8680c70b3]
/home/user/software/vivado2024/Vivado/2024.1/lib/lnx64.o/librdi_synth.so(LOptAbc::optimize(NRealMod, bool, bool, bool, TTime, TTime&, bool&, int&, int&)+0xad) [0x7fc868abafdd]
/home/user/software/vivado2024/Vivado/2024.1/lib/lnx64.o/librdi_synth.so(NDes::optimizeLogic(bool, bool, bool, bool, TTime&, bool&)+0x333) [0x7fc868ac4e73]
/home/user/software/vivado2024/Vivado/2024.1/lib/lnx64.o/librdi_synth.so(Optimize1::optimize(OptActions, NEqPinArray)+0x639) [0x7fc868ad9049]
/home/user/software/vivado2024/Vivado/2024.1/lib/lnx64.o/librdi_synth.so(Optimize1::Optimize1(NDes, bool, bool, bool, bool, OptActions, NEqPinArray)+0xc1) [0x7fc868ada7a1]
/home/user/software/vivado2024/Vivado/2024.1/lib/lnx64.o/librdi_synth.so(Optimize1::optimizeGenome(NGen, OptActions, ConstProp&)+0x14c) [0x7fc868ada95c]
/home/user/software/vivado2024/Vivado/2024.1/lib/lnx64.o/librdi_synth.so(Optimize1::optimize(OptActions, NEqPinArray)+0x893) [0x7fc868ad92a3]
/home/user/software/vivado2024/Vivado/2024.1/lib/lnx64.o/librdi_synth.so(Optimize1::Optimize1(NDes, bool, bool, bool, bool, OptActions, NEqPinArray)+0xc1) [0x7fc868ada7a1]
/home/user/software/vivado2024/Vivado/2024.1/lib/lnx64.o/librdi_synth.so(Optimize2::areaOpt(bool, bool, bool, bool)+0x3f) [0x7fc868adeebf]
/home/user/software/vivado2024/Vivado/2024.1/lib/lnx64.o/librdi_synth.so(Optimize2::Optimize2(NDes, bool, bool, bool, bool, bool, float, TTime, bool, bool)+0x1236) [0x7fc868b02ee6]
/home/user/software/vivado2024/Vivado/2024.1/lib/lnx64.o/librdi_synth.so(NDes::optimize(bool, bool, bool, bool, bool, float, TTime, bool, bool)+0x15a) [0x7fc868ad2cca]
/home/user/software/vivado2024/Vivado/2024.1/lib/lnx64.o/librdi_synth.so(+0x1455d36) [0x7fc867a55d36]
/home/user/software/vivado2024/Vivado/2024.1/lib/lnx64.o/librdi_synth.so(+0x13623e5) [0x7fc8679623e5]
/home/user/software/vivado2024/Vivado/2024.1/lib/lnx64.o/libtcl8.6.so(TclNRRunCallbacks+0x47) [0x7fc8a1084497]
/home/user/software/vivado2024/Vivado/2024.1/lib/lnx64.o/librdi_commontasks.so(+0x25c6d1) [0x7fc895c5c6d1]
/home/user/software/vivado2024/Vivado/2024.1/lib/lnx64.o/libtcl8.6.so(TclNRRunCallbacks+0x47) [0x7fc8a1084497]
/home/user/software/vivado2024/Vivado/2024.1/lib/lnx64.o/librdi_common.so(hdi::tcltasks::task_manager::eval_in_tcl(Tcl_Interp*, Tcl_Obj*, char const*, bool)+0x7ad) [0x7fc8a238415d]
/home/user/software/vivado2024/Vivado/2024.1/lib/lnx64.o/librdi_common.so(hdi::tcltasks::task_manager::eval_in_tcl(Tcl_Interp*, char const*, char const*, bool)+0xda) [0x7fc8a23847aa]
/home/user/software/vivado2024/Vivado/2024.1/lib/lnx64.o/librdi_synth.so(HARTNDb::processGenomesSequentially(bool, char const*, char const*)+0xbce) [0x7fc8678e859e]
/home/user/software/vivado2024/Vivado/2024.1/lib/lnx64.o/librdi_synth.so(+0x1400008) [0x7fc867a00008]
/home/user/software/vivado2024/Vivado/2024.1/lib/lnx64.o/librdi_synth.so(+0x13623e5) [0x7fc8679623e5]
/home/user/software/vivado2024/Vivado/2024.1/lib/lnx64.o/libtcl8.6.so(TclNRRunCallbacks+0x47) [0x7fc8a1084497]
/home/user/software/vivado2024/Vivado/2024.1/lib/lnx64.o/librdi_commontasks.so(+0x25c6d1) [0x7fc895c5c6d1]
/home/user/software/vivado2024/Vivado/2024.1/lib/lnx64.o/libtcl8.6.so(TclNRRunCallbacks+0x47) [0x7fc8a1084497]
/home/user/software/vivado2024/Vivado/2024.1/lib/lnx64.o/librdi_commontasks.so(+0x25c6d1) [0x7fc895c5c6d1]
/home/user/software/vivado2024/Vivado/2024.1/lib/lnx64.o/libtcl8.6.so(TclNRRunCallbacks+0x47) [0x7fc8a1084497]
/home/user/software/vivado2024/Vivado/2024.1/lib/lnx64.o/libtcl8.6.so(+0x45309) [0x7fc8a1086309]
/home/user/software/vivado2024/Vivado/2024.1/lib/lnx64.o/libtcl8.6.so(Tcl_FSEvalFileEx+0x1f8) [0x7fc8a113bae8]
/home/user/software/vivado2024/Vivado/2024.1/lib/lnx64.o/librdi_commontasks.so(+0x27c1d5) [0x7fc895c7c1d5]
/home/user/software/vivado2024/Vivado/2024.1/lib/lnx64.o/librdi_common.so(+0xd85d9f) [0x7fc8a2385d9f]
/home/user/software/vivado2024/Vivado/2024.1/lib/lnx64.o/libtcl8.6.so(TclNRRunCallbacks+0x47) [0x7fc8a1084497]
/home/user/software/vivado2024/Vivado/2024.1/lib/lnx64.o/librdi_commontasks.so(+0x25c62e) [0x7fc895c5c62e]
/home/user/software/vivado2024/Vivado/2024.1/lib/lnx64.o/libtcl8.6.so(TclNRRunCallbacks+0x47) [0x7fc8a1084497]
/home/user/software/vivado2024/Vivado/2024.1/lib/lnx64.o/libtcl8.6.so(+0x45309) [0x7fc8a1086309]
/home/user/software/vivado2024/Vivado/2024.1/lib/lnx64.o/libtcl8.6.so(TclSubstTokens+0x4a9) [0x7fc8a114ed59]
/home/user/software/vivado2024/Vivado/2024.1/lib/lnx64.o/libtcl8.6.so(+0x45153) [0x7fc8a1086153]
/home/user/software/vivado2024/Vivado/2024.1/lib/lnx64.o/libtcl8.6.so(Tcl_FSEvalFileEx+0x1f8) [0x7fc8a113bae8]
/home/user/software/vivado2024/Vivado/2024.1/lib/lnx64.o/librdi_commontasks.so(+0x27c1d5) [0x7fc895c7c1d5]
/home/user/software/vivado2024/Vivado/2024.1/lib/lnx64.o/librdi_common.so(+0xd85d9f) [0x7fc8a2385d9f]
/home/user/software/vivado2024/Vivado/2024.1/lib/lnx64.o/libtcl8.6.so(TclNRRunCallbacks+0x47) [0x7fc8a1084497]
/home/user/software/vivado2024/Vivado/2024.1/lib/lnx64.o/librdi_common.so(hdi::tcltasks::task_manager::eval_in_tcl(Tcl_Interp*, Tcl_Obj*, char const*, bool)+0x7ad) [0x7fc8a238415d]
/home/user/software/vivado2024/Vivado/2024.1/lib/lnx64.o/librdi_designutils.so(HRTInvoker::inProcessLaunch(HDGUIStatus&)+0x310) [0x7fc88af49640]
/home/user/software/vivado2024/Vivado/2024.1/lib/lnx64.o/librdi_designutils.so(HRTInvoker::launch(HDGUIStatus&)+0x33) [0x7fc88af49bf3]
/home/user/software/vivado2024/Vivado/2024.1/lib/lnx64.o/librdi_vivadotasks.so(+0x78d6dc) [0x7fc86118d6dc]
/home/user/software/vivado2024/Vivado/2024.1/lib/lnx64.o/librdi_vivadotasks.so(+0x797063) [0x7fc861197063]
/home/user/software/vivado2024/Vivado/2024.1/lib/lnx64.o/librdi_common.so(+0xd85d9f) [0x7fc8a2385d9f]
/home/user/software/vivado2024/Vivado/2024.1/lib/lnx64.o/libtcl8.6.so(TclNRRunCallbacks+0x47) [0x7fc8a1084497]
/home/user/software/vivado2024/Vivado/2024.1/lib/lnx64.o/libtcl8.6.so(+0x45309) [0x7fc8a1086309]
/home/user/software/vivado2024/Vivado/2024.1/lib/lnx64.o/libtcl8.6.so(Tcl_FSEvalFileEx+0x1f8) [0x7fc8a113bae8]
/home/user/software/vivado2024/Vivado/2024.1/lib/lnx64.o/librdi_commontasks.so(+0x27c1d5) [0x7fc895c7c1d5]
/home/user/software/vivado2024/Vivado/2024.1/lib/lnx64.o/librdi_common.so(+0xd85d9f) [0x7fc8a2385d9f]
/home/user/software/vivado2024/Vivado/2024.1/lib/lnx64.o/libtcl8.6.so(TclNRRunCallbacks+0x47) [0x7fc8a1084497]
/home/user/software/vivado2024/Vivado/2024.1/lib/lnx64.o/librdi_commontasks.so(+0x2c4bad) [0x7fc895cc4bad]
/home/user/software/vivado2024/Vivado/2024.1/lib/lnx64.o/librdi_commontasks.so(+0x2c61df) [0x7fc895cc61df]
/home/user/software/vivado2024/Vivado/2024.1/lib/lnx64.o/librdi_common.so(+0xd85d9f) [0x7fc8a2385d9f]
/home/user/software/vivado2024/Vivado/2024.1/lib/lnx64.o/libtcl8.6.so(TclNRRunCallbacks+0x47) [0x7fc8a1084497]
/home/user/software/vivado2024/Vivado/2024.1/lib/lnx64.o/librdi_commonmain.so(+0xe6d2) [0x7fc8a33d86d2]
/home/user/software/vivado2024/Vivado/2024.1/lib/lnx64.o/libtcl8.6.so(Tcl_MainEx+0x1a8) [0x7fc8a1143038]
/home/user/software/vivado2024/Vivado/2024.1/lib/lnx64.o/librdi_common.so(+0xdaf42b) [0x7fc8a23af42b]
/lib/x86_64-linux-gnu/libc.so.6(+0x94ac3) [0x7fc8a0a94ac3]
/lib/x86_64-linux-gnu/libc.so.6(+0x126850) [0x7fc8a0b26850]
