#
# An unexpected error has occurred (11)
#
Stack:
/lib/x86_64-linux-gnu/libc.so.6(+0x42520) [0x724ffde42520]
/home/user/software/vivado2024/Vivado/2024.1/lib/lnx64.o/librdi_synth.so(DFPin::disconnect()+0xd) [0x724fc62154ed]
/home/user/software/vivado2024/Vivado/2024.1/lib/lnx64.o/librdi_synth.so(+0x11607f9) [0x724fc4b607f9]
/home/user/software/vivado2024/Vivado/2024.1/lib/lnx64.o/librdi_synth.so(HARTHOptPrepDsp::prepDspConnections(DFNode*)+0xc7) [0x724fc4b69c37]
/home/user/software/vivado2024/Vivado/2024.1/lib/lnx64.o/librdi_synth.so(DFPin::travelTopDownIter(DFGraphTraverseFuncVoid&, UFlags<Option>, UHashList<DFEdge*, DFEdge*, UEKey<DFEdge*>, UHashListNode<DFEdge*>, DFEdge*>*, DFGraph*)+0x580) [0x724fc6218ae0]
/home/user/software/vivado2024/Vivado/2024.1/lib/lnx64.o/librdi_synth.so(DFGraph::traverseTopDown(DFGraphTraverseFuncVoid&, UFlags<Option>, UHashList<DFEdge*, DFEdge*, UEKey<DFEdge*>, UHashListNode<DFEdge*>, DFEdge*>*, DFGraph*)+0xb9) [0x724fc61fd8e9]
/home/user/software/vivado2024/Vivado/2024.1/lib/lnx64.o/librdi_synth.so(DFGraph::traverseTopDown(void (*)(DFNode*), UFlags<Option>, UHashList<DFEdge*, DFEdge*, UEKey<DFEdge*>, UHashListNode<DFEdge*>, DFEdge*>*, DFGraph*)+0x20) [0x724fc61fda10]
/home/user/software/vivado2024/Vivado/2024.1/lib/lnx64.o/librdi_synth.so(HARTHOptPost::topDownPass(void (*)(DFNode*), std::__cxx11::basic_string<char, std::char_traits<char>, std::allocator<char> >, bool)+0x1e) [0x724fc4b360ce]
/home/user/software/vivado2024/Vivado/2024.1/lib/lnx64.o/librdi_synth.so(HARTHOptPost::prepDsps()+0x753) [0x724fc4b36d63]
/home/user/software/vivado2024/Vivado/2024.1/lib/lnx64.o/librdi_synth.so(HARTHOptPost::optimize()+0x1cf0) [0x724fc4b3a960]
/home/user/software/vivado2024/Vivado/2024.1/lib/lnx64.o/librdi_synth.so(HARTHOptDfg::optCallbackPost(DFGraph*)+0x1f) [0x724fc530480f]
/home/user/software/vivado2024/Vivado/2024.1/lib/lnx64.o/librdi_synth.so(HARTNDb::HARTReSynthReInfer(HOptRestructDfg&, NRealModC*, HARTNDb::MergePhase)+0x226) [0x724fc4c58346]
/home/user/software/vivado2024/Vivado/2024.1/lib/lnx64.o/librdi_synth.so(HARTNDb::HARTMergeResynPartitionsR(NRealMod, HARTNDb::MergePhase, bool)+0x1d7f) [0x724fc4c8126f]
/home/user/software/vivado2024/Vivado/2024.1/lib/lnx64.o/librdi_synth.so(HARTNDb::HARTMergeResynPartitions(NRealMod, HARTNDb::MergePhase, bool)+0x180) [0x724fc4c829d0]
/home/user/software/vivado2024/Vivado/2024.1/lib/lnx64.o/librdi_synth.so(HARTNDb::reSynthReInfer(bool)+0xe2) [0x724fc4c82bf2]
/home/user/software/vivado2024/Vivado/2024.1/lib/lnx64.o/librdi_synth.so(+0x1419763) [0x724fc4e19763]
/home/user/software/vivado2024/Vivado/2024.1/lib/lnx64.o/librdi_synth.so(+0x13623e5) [0x724fc4d623e5]
/home/user/software/vivado2024/Vivado/2024.1/lib/lnx64.o/libtcl8.6.so(TclNRRunCallbacks+0x47) [0x724ffe084497]
/home/user/software/vivado2024/Vivado/2024.1/lib/lnx64.o/librdi_commontasks.so(+0x25c6d1) [0x724ff305c6d1]
/home/user/software/vivado2024/Vivado/2024.1/lib/lnx64.o/libtcl8.6.so(TclNRRunCallbacks+0x47) [0x724ffe084497]
/home/user/software/vivado2024/Vivado/2024.1/lib/lnx64.o/librdi_commontasks.so(+0x25c6d1) [0x724ff305c6d1]
/home/user/software/vivado2024/Vivado/2024.1/lib/lnx64.o/libtcl8.6.so(TclNRRunCallbacks+0x47) [0x724ffe084497]
/home/user/software/vivado2024/Vivado/2024.1/lib/lnx64.o/libtcl8.6.so(+0x45309) [0x724ffe086309]
/home/user/software/vivado2024/Vivado/2024.1/lib/lnx64.o/libtcl8.6.so(Tcl_FSEvalFileEx+0x1f8) [0x724ffe13bae8]
/home/user/software/vivado2024/Vivado/2024.1/lib/lnx64.o/librdi_commontasks.so(+0x27c1d5) [0x724ff307c1d5]
/home/user/software/vivado2024/Vivado/2024.1/lib/lnx64.o/librdi_common.so(+0xd85d9f) [0x724fff785d9f]
/home/user/software/vivado2024/Vivado/2024.1/lib/lnx64.o/libtcl8.6.so(TclNRRunCallbacks+0x47) [0x724ffe084497]
/home/user/software/vivado2024/Vivado/2024.1/lib/lnx64.o/libtcl8.6.so(+0x45309) [0x724ffe086309]
/home/user/software/vivado2024/Vivado/2024.1/lib/lnx64.o/libtcl8.6.so(Tcl_FSEvalFileEx+0x1f8) [0x724ffe13bae8]
/home/user/software/vivado2024/Vivado/2024.1/lib/lnx64.o/librdi_commontasks.so(+0x27c1d5) [0x724ff307c1d5]
/home/user/software/vivado2024/Vivado/2024.1/lib/lnx64.o/librdi_common.so(+0xd85d9f) [0x724fff785d9f]
/home/user/software/vivado2024/Vivado/2024.1/lib/lnx64.o/libtcl8.6.so(TclNRRunCallbacks+0x47) [0x724ffe084497]
/home/user/software/vivado2024/Vivado/2024.1/lib/lnx64.o/librdi_commontasks.so(+0x25c6d1) [0x724ff305c6d1]
/home/user/software/vivado2024/Vivado/2024.1/lib/lnx64.o/libtcl8.6.so(TclNRRunCallbacks+0x47) [0x724ffe084497]
/home/user/software/vivado2024/Vivado/2024.1/lib/lnx64.o/librdi_common.so(hdi::tcltasks::task_manager::eval_in_tcl(Tcl_Interp*, Tcl_Obj*, char const*, bool)+0x7ad) [0x724fff78415d]
/home/user/software/vivado2024/Vivado/2024.1/lib/lnx64.o/librdi_synth.so(HARTSWorker::runInternal()+0xe5) [0x724fc59587a5]
/home/user/software/vivado2024/Vivado/2024.1/lib/lnx64.o/librdi_synth.so(HARTSWorker::runJob(HARTSWorkerConfig&)+0x3f) [0x724fc5959f5f]
/home/user/software/vivado2024/Vivado/2024.1/lib/lnx64.o/librdi_synth.so(HARTSWorker::mainLoop()+0x8b) [0x724fc595bc4b]
/home/user/software/vivado2024/Vivado/2024.1/lib/lnx64.o/librdi_synth.so(HARTNDb::parallelListen(char const*, char const*, char const*)+0x39) [0x724fc4cdece9]
/home/user/software/vivado2024/Vivado/2024.1/lib/lnx64.o/librdi_synth.so(+0x14a4a74) [0x724fc4ea4a74]
/home/user/software/vivado2024/Vivado/2024.1/lib/lnx64.o/librdi_synth.so(+0x13623e5) [0x724fc4d623e5]
/home/user/software/vivado2024/Vivado/2024.1/lib/lnx64.o/libtcl8.6.so(TclNRRunCallbacks+0x47) [0x724ffe084497]
/home/user/software/vivado2024/Vivado/2024.1/lib/lnx64.o/librdi_commontasks.so(+0x25c62e) [0x724ff305c62e]
/home/user/software/vivado2024/Vivado/2024.1/lib/lnx64.o/libtcl8.6.so(TclNRRunCallbacks+0x47) [0x724ffe084497]
/home/user/software/vivado2024/Vivado/2024.1/lib/lnx64.o/libtcl8.6.so(+0x45309) [0x724ffe086309]
/home/user/software/vivado2024/Vivado/2024.1/lib/lnx64.o/libtcl8.6.so(Tcl_FSEvalFileEx+0x1f8) [0x724ffe13bae8]
/home/user/software/vivado2024/Vivado/2024.1/lib/lnx64.o/librdi_commontasks.so(+0x27c1d5) [0x724ff307c1d5]
/home/user/software/vivado2024/Vivado/2024.1/lib/lnx64.o/librdi_common.so(+0xd85d9f) [0x724fff785d9f]
/home/user/software/vivado2024/Vivado/2024.1/lib/lnx64.o/libtcl8.6.so(TclNRRunCallbacks+0x47) [0x724ffe084497]
/home/user/software/vivado2024/Vivado/2024.1/lib/lnx64.o/librdi_commontasks.so(+0x2c4bad) [0x724ff30c4bad]
/home/user/software/vivado2024/Vivado/2024.1/lib/lnx64.o/librdi_commontasks.so(+0x2c61df) [0x724ff30c61df]
/home/user/software/vivado2024/Vivado/2024.1/lib/lnx64.o/librdi_common.so(+0xd85d9f) [0x724fff785d9f]
/home/user/software/vivado2024/Vivado/2024.1/lib/lnx64.o/libtcl8.6.so(TclNRRunCallbacks+0x47) [0x724ffe084497]
/home/user/software/vivado2024/Vivado/2024.1/lib/lnx64.o/librdi_commonmain.so(+0xe6d2) [0x7250007056d2]
/home/user/software/vivado2024/Vivado/2024.1/lib/lnx64.o/libtcl8.6.so(Tcl_MainEx+0x1a8) [0x724ffe143038]
/home/user/software/vivado2024/Vivado/2024.1/lib/lnx64.o/librdi_common.so(+0xdaf42b) [0x724fff7af42b]
/lib/x86_64-linux-gnu/libc.so.6(+0x94ac3) [0x724ffde94ac3]
/lib/x86_64-linux-gnu/libc.so.6(+0x126850) [0x724ffdf26850]
