#-----------------------------------------------------------
# Vivado v2024.1 (64-bit)
# SW Build 5076996 on Wed May 22 18:36:09 MDT 2024
# IP Build 5075265 on Wed May 22 21:45:21 MDT 2024
# SharedData Build 5076995 on Wed May 22 18:29:18 MDT 2024
# Start of session at: Fri Jul 31 14:08:19 2024
# Process ID: 2707120
# Current directory:/home/user/vivado_project/vivado
# Command line: vivado -mode batch -source vivado_top.tcl
# Log file:/home/user/vivado_project/vivado/vivado.log
# Journal file:/home/user/vivado_project/vivado/vivado.jou
# Running On        :user-System-Product-Name
# Platform          :Ubuntu
# Operating System  :Ubuntu 22.04.3 LTS
# Processor Detail  :13th Gen Intel(R) Core(TM) i9-13900K
# CPU Frequency     :5500.000 MHz
# CPU Physical cores:24
# CPU Logical cores :32
# Host memory       :134858 MB
# Swap memory       :2147 MB
# Total Virtual     :137005 MB
# Available Virtual :117633 MB
#-----------------------------------------------------------
source vivado_top.tcl
# set_msg_config -id {Synth 8-5821} -new_severity {WARNING}
# read_verilog rtl.v
# synth_design -part xc7k70t -top top
Command: synth_design -part xc7k70t -top top
Starting synth_design
Attempting to get a license for feature 'Synthesis' and/or device 'xc7k70t'
INFO: [Common 17-349] Got license for feature 'Synthesis' and/or device 'xc7k70t'
INFO: [Synth 8-7079] Multithreading enabled for synth_design using a maximum of 4 processes.
INFO: [Synth 8-7078] Launching helper process for spawning children vivado processes
INFO: [Synth 8-7075] Helper process launched with PID 2707397
---------------------------------------------------------------------------------
Starting Synthesize : Time (s): cpu = 00:00:02 ; elapsed = 00:00:02 . Memory (MB): peak = 1890.707 ; gain = 426.645 ; free physical = 5251 ; free virtual = 109194
---------------------------------------------------------------------------------
INFO: [Synth 8-6157] synthesizing module 'top' [/media/user/case/example_for_2024.1/case_12/fuzz_225/vivado/rtl.v:1]
WARNING: [Synth 8-5974] attribute "use_dsp48" has been deprecated, please use "use_dsp" instead 
INFO: [Synth 8-6157] synthesizing module 'module25' [/media/user/case/example_for_2024.1/case_12/fuzz_225/vivado/rtl.v:2168]
WARNING: [Synth 8-5974] attribute "use_dsp48" has been deprecated, please use "use_dsp" instead 
INFO: [Synth 8-6157] synthesizing module 'module237' [/media/user/case/example_for_2024.1/case_12/fuzz_225/vivado/rtl.v:3410]
WARNING: [Synth 8-5974] attribute "use_dsp48" has been deprecated, please use "use_dsp" instead 
INFO: [Synth 8-6155] done synthesizing module 'module237' (0#1) [/media/user/case/example_for_2024.1/case_12/fuzz_225/vivado/rtl.v:3410]
WARNING: [Synth 8-689] width (18) of port connection 'wire239' does not match port width (8) of module 'module237' [/media/user/case/example_for_2024.1/case_12/fuzz_225/vivado/rtl.v:3406]
WARNING: [Synth 8-689] width (18) of port connection 'y' does not match port width (1179) of module 'module237' [/media/user/case/example_for_2024.1/case_12/fuzz_225/vivado/rtl.v:3406]
INFO: [Synth 8-6155] done synthesizing module 'module25' (0#1) [/media/user/case/example_for_2024.1/case_12/fuzz_225/vivado/rtl.v:2168]
WARNING: [Synth 8-689] width (17) of port connection 'y' does not match port width (2892) of module 'module25' [/media/user/case/example_for_2024.1/case_12/fuzz_225/vivado/rtl.v:464]
WARNING: [Synth 8-689] width (25) of port connection 'wire29' does not match port width (14) of module 'module25' [/media/user/case/example_for_2024.1/case_12/fuzz_225/vivado/rtl.v:464]
WARNING: [Synth 8-689] width (25) of port connection 'wire28' does not match port width (9) of module 'module25' [/media/user/case/example_for_2024.1/case_12/fuzz_225/vivado/rtl.v:464]
WARNING: [Synth 8-689] width (18) of port connection 'wire27' does not match port width (11) of module 'module25' [/media/user/case/example_for_2024.1/case_12/fuzz_225/vivado/rtl.v:464]
INFO: [Synth 8-6157] synthesizing module 'module357' [/media/user/case/example_for_2024.1/case_12/fuzz_225/vivado/rtl.v:1137]
WARNING: [Synth 8-5974] attribute "use_dsp48" has been deprecated, please use "use_dsp" instead 
INFO: [Synth 8-6157] synthesizing module 'module376' [/media/user/case/example_for_2024.1/case_12/fuzz_225/vivado/rtl.v:5191]
WARNING: [Synth 8-5974] attribute "use_dsp48" has been deprecated, please use "use_dsp" instead 
INFO: [Synth 8-6157] synthesizing module 'module383' [/media/user/case/example_for_2024.1/case_12/fuzz_225/vivado/rtl.v:6311]
WARNING: [Synth 8-5974] attribute "use_dsp48" has been deprecated, please use "use_dsp" instead 
INFO: [Synth 8-6155] done synthesizing module 'module383' (0#1) [/media/user/case/example_for_2024.1/case_12/fuzz_225/vivado/rtl.v:6311]
WARNING: [Synth 8-689] width (20) of port connection 'y' does not match port width (1601) of module 'module383' [/media/user/case/example_for_2024.1/case_12/fuzz_225/vivado/rtl.v:5555]
WARNING: [Synth 8-689] width (23) of port connection 'wire384' does not match port width (17) of module 'module383' [/media/user/case/example_for_2024.1/case_12/fuzz_225/vivado/rtl.v:5555]
INFO: [Synth 8-6157] synthesizing module 'module545' [/media/user/case/example_for_2024.1/case_12/fuzz_225/vivado/rtl.v:6120]
WARNING: [Synth 8-5974] attribute "use_dsp48" has been deprecated, please use "use_dsp" instead 
INFO: [Synth 8-6155] done synthesizing module 'module545' (0#1) [/media/user/case/example_for_2024.1/case_12/fuzz_225/vivado/rtl.v:6120]
WARNING: [Synth 8-689] width (21) of port connection 'wire550' does not match port width (11) of module 'module545' [/media/user/case/example_for_2024.1/case_12/fuzz_225/vivado/rtl.v:5678]
WARNING: [Synth 8-689] width (21) of port connection 'y' does not match port width (432) of module 'module545' [/media/user/case/example_for_2024.1/case_12/fuzz_225/vivado/rtl.v:5678]
WARNING: [Synth 8-689] width (13) of port connection 'wire547' does not match port width (12) of module 'module545' [/media/user/case/example_for_2024.1/case_12/fuzz_225/vivado/rtl.v:5678]
INFO: [Synth 8-6155] done synthesizing module 'module376' (0#1) [/media/user/case/example_for_2024.1/case_12/fuzz_225/vivado/rtl.v:5191]
WARNING: [Synth 8-689] width (21) of port connection 'wire380' does not match port width (18) of module 'module376' [/media/user/case/example_for_2024.1/case_12/fuzz_225/vivado/rtl.v:1568]
WARNING: [Synth 8-689] width (20) of port connection 'y' does not match port width (2363) of module 'module376' [/media/user/case/example_for_2024.1/case_12/fuzz_225/vivado/rtl.v:1568]
WARNING: [Synth 8-689] width (17) of port connection 'wire381' does not match port width (13) of module 'module376' [/media/user/case/example_for_2024.1/case_12/fuzz_225/vivado/rtl.v:1568]
INFO: [Synth 8-6157] synthesizing module 'module852' [/media/user/case/example_for_2024.1/case_12/fuzz_225/vivado/rtl.v:3911]
WARNING: [Synth 8-5974] attribute "use_dsp48" has been deprecated, please use "use_dsp" instead 
INFO: [Synth 8-6157] synthesizing module 'module857' [/media/user/case/example_for_2024.1/case_12/fuzz_225/vivado/rtl.v:8735]
WARNING: [Synth 8-5974] attribute "use_dsp48" has been deprecated, please use "use_dsp" instead 
INFO: [Synth 8-6155] done synthesizing module 'module857' (0#1) [/media/user/case/example_for_2024.1/case_12/fuzz_225/vivado/rtl.v:8735]
WARNING: [Synth 8-689] width (25) of port connection 'y' does not match port width (2573) of module 'module857' [/media/user/case/example_for_2024.1/case_12/fuzz_225/vivado/rtl.v:4391]
WARNING: [Synth 8-689] width (21) of port connection 'wire860' does not match port width (12) of module 'module857' [/media/user/case/example_for_2024.1/case_12/fuzz_225/vivado/rtl.v:4391]
WARNING: [Synth 8-689] width (16) of port connection 'wire861' does not match port width (15) of module 'module857' [/media/user/case/example_for_2024.1/case_12/fuzz_225/vivado/rtl.v:4391]
WARNING: [Synth 8-689] width (18) of port connection 'wire859' does not match port width (8) of module 'module857' [/media/user/case/example_for_2024.1/case_12/fuzz_225/vivado/rtl.v:4391]
INFO: [Synth 8-6157] synthesizing module 'module1218' [/media/user/case/example_for_2024.1/case_12/fuzz_225/vivado/rtl.v:8332]
WARNING: [Synth 8-5974] attribute "use_dsp48" has been deprecated, please use "use_dsp" instead 
INFO: [Synth 8-6155] done synthesizing module 'module1218' (0#1) [/media/user/case/example_for_2024.1/case_12/fuzz_225/vivado/rtl.v:8332]
WARNING: [Synth 8-689] width (23) of port connection 'y' does not match port width (920) of module 'module1218' [/media/user/case/example_for_2024.1/case_12/fuzz_225/vivado/rtl.v:4919]
WARNING: [Synth 8-689] width (25) of port connection 'wire1223' does not match port width (16) of module 'module1218' [/media/user/case/example_for_2024.1/case_12/fuzz_225/vivado/rtl.v:4919]
WARNING: [Synth 8-689] width (16) of port connection 'wire1220' does not match port width (11) of module 'module1218' [/media/user/case/example_for_2024.1/case_12/fuzz_225/vivado/rtl.v:4919]
INFO: [Synth 8-6157] synthesizing module 'module1317' [/media/user/case/example_for_2024.1/case_12/fuzz_225/vivado/rtl.v:6996]
WARNING: [Synth 8-5974] attribute "use_dsp48" has been deprecated, please use "use_dsp" instead 
WARNING: [Synth 8-451] negative shift count is treated as unsigned [/media/user/case/example_for_2024.1/case_12/fuzz_225/vivado/rtl.v:7725]
WARNING: [Synth 8-451] negative shift count is treated as unsigned [/media/user/case/example_for_2024.1/case_12/fuzz_225/vivado/rtl.v:7725]
INFO: [Synth 8-6155] done synthesizing module 'module1317' (0#1) [/media/user/case/example_for_2024.1/case_12/fuzz_225/vivado/rtl.v:6996]
WARNING: [Synth 8-689] width (10) of port connection 'y' does not match port width (2971) of module 'module1317' [/media/user/case/example_for_2024.1/case_12/fuzz_225/vivado/rtl.v:5020]
INFO: [Synth 8-6155] done synthesizing module 'module852' (0#1) [/media/user/case/example_for_2024.1/case_12/fuzz_225/vivado/rtl.v:3911]
WARNING: [Synth 8-689] width (5) of port connection 'y' does not match port width (3002) of module 'module852' [/media/user/case/example_for_2024.1/case_12/fuzz_225/vivado/rtl.v:2030]
WARNING: [Synth 8-689] width (23) of port connection 'wire853' does not match port width (16) of module 'module852' [/media/user/case/example_for_2024.1/case_12/fuzz_225/vivado/rtl.v:2030]
INFO: [Synth 8-6155] done synthesizing module 'module357' (0#1) [/media/user/case/example_for_2024.1/case_12/fuzz_225/vivado/rtl.v:1137]
WARNING: [Synth 8-689] width (10) of port connection 'y' does not match port width (2423) of module 'module357' [/media/user/case/example_for_2024.1/case_12/fuzz_225/vivado/rtl.v:546]
WARNING: [Synth 8-689] width (15) of port connection 'wire360' does not match port width (5) of module 'module357' [/media/user/case/example_for_2024.1/case_12/fuzz_225/vivado/rtl.v:546]
WARNING: [Synth 8-689] width (18) of port connection 'y' does not match port width (2892) of module 'module25' [/media/user/case/example_for_2024.1/case_12/fuzz_225/vivado/rtl.v:754]
WARNING: [Synth 8-689] width (25) of port connection 'wire29' does not match port width (14) of module 'module25' [/media/user/case/example_for_2024.1/case_12/fuzz_225/vivado/rtl.v:754]
WARNING: [Synth 8-689] width (20) of port connection 'wire28' does not match port width (9) of module 'module25' [/media/user/case/example_for_2024.1/case_12/fuzz_225/vivado/rtl.v:754]
WARNING: [Synth 8-689] width (18) of port connection 'wire26' does not match port width (17) of module 'module25' [/media/user/case/example_for_2024.1/case_12/fuzz_225/vivado/rtl.v:754]
WARNING: [Synth 8-689] width (18) of port connection 'wire27' does not match port width (11) of module 'module25' [/media/user/case/example_for_2024.1/case_12/fuzz_225/vivado/rtl.v:756]
WARNING: [Synth 8-689] width (15) of port connection 'y' does not match port width (2892) of module 'module25' [/media/user/case/example_for_2024.1/case_12/fuzz_225/vivado/rtl.v:756]
INFO: [Synth 8-6155] done synthesizing module 'top' (0#1) [/media/user/case/example_for_2024.1/case_12/fuzz_225/vivado/rtl.v:1]
WARNING: [Synth 8-6014] Unused sequential element reg488_reg was removed.  [/media/user/case/example_for_2024.1/case_12/fuzz_225/vivado/rtl.v:6464]
WARNING: [Synth 8-6014] Unused sequential element reg508_reg was removed.  [/media/user/case/example_for_2024.1/case_12/fuzz_225/vivado/rtl.v:6453]
WARNING: [Synth 8-6014] Unused sequential element reg510_reg was removed.  [/media/user/case/example_for_2024.1/case_12/fuzz_225/vivado/rtl.v:6451]
WARNING: [Synth 8-6014] Unused sequential element reg716_reg was removed.  [/media/user/case/example_for_2024.1/case_12/fuzz_225/vivado/rtl.v:5384]
WARNING: [Synth 8-6014] Unused sequential element reg1038_reg was removed.  [/media/user/case/example_for_2024.1/case_12/fuzz_225/vivado/rtl.v:8961]
WARNING: [Synth 8-6014] Unused sequential element reg1285_reg was removed.  [/media/user/case/example_for_2024.1/case_12/fuzz_225/vivado/rtl.v:8415]
WARNING: [Synth 8-6014] Unused sequential element reg1286_reg was removed.  [/media/user/case/example_for_2024.1/case_12/fuzz_225/vivado/rtl.v:8414]
WARNING: [Synth 8-6014] Unused sequential element reg1538_reg was removed.  [/media/user/case/example_for_2024.1/case_12/fuzz_225/vivado/rtl.v:7258]
WARNING: [Synth 8-6014] Unused sequential element reg1540_reg was removed.  [/media/user/case/example_for_2024.1/case_12/fuzz_225/vivado/rtl.v:7257]
WARNING: [Synth 8-6014] Unused sequential element reg1542_reg was removed.  [/media/user/case/example_for_2024.1/case_12/fuzz_225/vivado/rtl.v:7256]
WARNING: [Synth 8-6014] Unused sequential element reg1543_reg was removed.  [/media/user/case/example_for_2024.1/case_12/fuzz_225/vivado/rtl.v:7255]
WARNING: [Synth 8-6014] Unused sequential element reg1547_reg was removed.  [/media/user/case/example_for_2024.1/case_12/fuzz_225/vivado/rtl.v:7254]
WARNING: [Synth 8-6014] Unused sequential element reg1548_reg was removed.  [/media/user/case/example_for_2024.1/case_12/fuzz_225/vivado/rtl.v:7253]
WARNING: [Synth 8-6014] Unused sequential element reg1590_reg was removed.  [/media/user/case/example_for_2024.1/case_12/fuzz_225/vivado/rtl.v:4169]
WARNING: [Synth 8-6014] Unused sequential element reg1592_reg was removed.  [/media/user/case/example_for_2024.1/case_12/fuzz_225/vivado/rtl.v:4168]
WARNING: [Synth 8-6014] Unused sequential element reg1576_reg was removed.  [/media/user/case/example_for_2024.1/case_12/fuzz_225/vivado/rtl.v:4167]
WARNING: [Synth 8-6014] Unused sequential element reg1606_reg was removed.  [/media/user/case/example_for_2024.1/case_12/fuzz_225/vivado/rtl.v:1351]
WARNING: [Synth 8-6014] Unused sequential element reg1610_reg was removed.  [/media/user/case/example_for_2024.1/case_12/fuzz_225/vivado/rtl.v:1350]
WARNING: [Synth 8-6014] Unused sequential element reg1625_reg was removed.  [/media/user/case/example_for_2024.1/case_12/fuzz_225/vivado/rtl.v:1348]
WARNING: [Synth 8-6014] Unused sequential element reg1626_reg was removed.  [/media/user/case/example_for_2024.1/case_12/fuzz_225/vivado/rtl.v:1347]
WARNING: [Synth 8-6014] Unused sequential element reg12_reg was removed.  [/media/user/case/example_for_2024.1/case_12/fuzz_225/vivado/rtl.v:266]
WARNING: [Synth 8-6014] Unused sequential element reg1781_reg was removed.  [/media/user/case/example_for_2024.1/case_12/fuzz_225/vivado/rtl.v:216]
WARNING: [Synth 8-6014] Unused sequential element reg1783_reg was removed.  [/media/user/case/example_for_2024.1/case_12/fuzz_225/vivado/rtl.v:215]
WARNING: [Synth 8-3917] design top has port y[2091] driven by constant 0
WARNING: [Synth 8-3917] design top has port y[2090] driven by constant 0
WARNING: [Synth 8-3917] design top has port y[2089] driven by constant 0
WARNING: [Synth 8-3917] design top has port y[2088] driven by constant 0
WARNING: [Synth 8-3917] design top has port y[2087] driven by constant 0
WARNING: [Synth 8-3917] design top has port y[2086] driven by constant 0
WARNING: [Synth 8-3917] design top has port y[2085] driven by constant 0
WARNING: [Synth 8-3917] design top has port y[2084] driven by constant 0
WARNING: [Synth 8-3917] design top has port y[2083] driven by constant 0
WARNING: [Synth 8-3917] design top has port y[2082] driven by constant 0
WARNING: [Synth 8-3917] design top has port y[2081] driven by constant 0
WARNING: [Synth 8-3917] design top has port y[2080] driven by constant 0
WARNING: [Synth 8-3917] design top has port y[2079] driven by constant 0
WARNING: [Synth 8-3917] design top has port y[2078] driven by constant 0
WARNING: [Synth 8-3917] design top has port y[2077] driven by constant 0
WARNING: [Synth 8-3917] design top has port y[2076] driven by constant 0
WARNING: [Synth 8-3917] design top has port y[2075] driven by constant 0
WARNING: [Synth 8-3917] design top has port y[2074] driven by constant 0
WARNING: [Synth 8-3917] design top has port y[2073] driven by constant 0
WARNING: [Synth 8-3917] design top has port y[2072] driven by constant 0
WARNING: [Synth 8-3917] design top has port y[2013] driven by constant 0
WARNING: [Synth 8-3917] design top has port y[2012] driven by constant 0
WARNING: [Synth 8-3917] design top has port y[2011] driven by constant 0
WARNING: [Synth 8-3917] design top has port y[2010] driven by constant 0
WARNING: [Synth 8-3917] design top has port y[2009] driven by constant 0
WARNING: [Synth 8-3917] design top has port y[2008] driven by constant 0
WARNING: [Synth 8-3917] design top has port y[2007] driven by constant 0
WARNING: [Synth 8-3917] design top has port y[2006] driven by constant 0
WARNING: [Synth 8-3917] design top has port y[2005] driven by constant 0
WARNING: [Synth 8-3917] design top has port y[2004] driven by constant 0
WARNING: [Synth 8-3917] design top has port y[2003] driven by constant 0
WARNING: [Synth 8-3917] design top has port y[2002] driven by constant 0
WARNING: [Synth 8-3917] design top has port y[1992] driven by constant 0
WARNING: [Synth 8-3917] design top has port y[1991] driven by constant 0
WARNING: [Synth 8-3917] design top has port y[1990] driven by constant 0
WARNING: [Synth 8-3917] design top has port y[1989] driven by constant 0
WARNING: [Synth 8-3917] design top has port y[1988] driven by constant 0
WARNING: [Synth 8-3917] design top has port y[1987] driven by constant 0
WARNING: [Synth 8-3917] design top has port y[1986] driven by constant 0
WARNING: [Synth 8-3917] design top has port y[1985] driven by constant 0
WARNING: [Synth 8-3917] design top has port y[1984] driven by constant 0
WARNING: [Synth 8-3917] design top has port y[1983] driven by constant 0
WARNING: [Synth 8-3917] design top has port y[1982] driven by constant 0
WARNING: [Synth 8-3917] design top has port y[1884] driven by constant 0
WARNING: [Synth 8-3917] design top has port y[1883] driven by constant 0
WARNING: [Synth 8-3917] design top has port y[1882] driven by constant 0
WARNING: [Synth 8-3917] design top has port y[1881] driven by constant 0
WARNING: [Synth 8-3917] design top has port y[1880] driven by constant 0
WARNING: [Synth 8-3917] design top has port y[1879] driven by constant 0
WARNING: [Synth 8-3917] design top has port y[1878] driven by constant 0
WARNING: [Synth 8-3917] design top has port y[1877] driven by constant 0
WARNING: [Synth 8-3917] design top has port y[1876] driven by constant 0
WARNING: [Synth 8-3917] design top has port y[1875] driven by constant 0
WARNING: [Synth 8-3917] design top has port y[1874] driven by constant 0
WARNING: [Synth 8-3917] design top has port y[1873] driven by constant 0
WARNING: [Synth 8-3917] design top has port y[1872] driven by constant 0
WARNING: [Synth 8-3917] design top has port y[1871] driven by constant 0
WARNING: [Synth 8-3917] design top has port y[1870] driven by constant 0
WARNING: [Synth 8-3917] design top has port y[1869] driven by constant 0
WARNING: [Synth 8-3917] design top has port y[1868] driven by constant 0
WARNING: [Synth 8-3917] design top has port y[1867] driven by constant 0
WARNING: [Synth 8-3917] design top has port y[1866] driven by constant 0
WARNING: [Synth 8-3917] design top has port y[1865] driven by constant 0
WARNING: [Synth 8-3917] design top has port y[1864] driven by constant 0
WARNING: [Synth 8-3917] design top has port y[1863] driven by constant 0
WARNING: [Synth 8-3917] design top has port y[1862] driven by constant 0
WARNING: [Synth 8-3917] design top has port y[1861] driven by constant 0
WARNING: [Synth 8-3917] design top has port y[1860] driven by constant 0
WARNING: [Synth 8-3917] design top has port y[1859] driven by constant 0
WARNING: [Synth 8-3917] design top has port y[1858] driven by constant 0
WARNING: [Synth 8-3917] design top has port y[1857] driven by constant 0
WARNING: [Synth 8-3917] design top has port y[1856] driven by constant 0
WARNING: [Synth 8-3917] design top has port y[1855] driven by constant 0
WARNING: [Synth 8-3917] design top has port y[1854] driven by constant 0
WARNING: [Synth 8-3917] design top has port y[1853] driven by constant 0
WARNING: [Synth 8-3917] design top has port y[1852] driven by constant 0
WARNING: [Synth 8-3917] design top has port y[1851] driven by constant 0
WARNING: [Synth 8-3917] design top has port y[1850] driven by constant 0
WARNING: [Synth 8-3917] design top has port y[1849] driven by constant 0
WARNING: [Synth 8-3917] design top has port y[1848] driven by constant 0
WARNING: [Synth 8-3917] design top has port y[1847] driven by constant 0
WARNING: [Synth 8-3917] design top has port y[1846] driven by constant 0
WARNING: [Synth 8-3917] design top has port y[1845] driven by constant 0
WARNING: [Synth 8-3917] design top has port y[1844] driven by constant 0
WARNING: [Synth 8-3917] design top has port y[1843] driven by constant 0
WARNING: [Synth 8-3917] design top has port y[1822] driven by constant 0
WARNING: [Synth 8-3917] design top has port y[1739] driven by constant 0
WARNING: [Synth 8-3917] design top has port y[1738] driven by constant 0
WARNING: [Synth 8-3917] design top has port y[1737] driven by constant 0
WARNING: [Synth 8-3917] design top has port y[1736] driven by constant 0
WARNING: [Synth 8-3917] design top has port y[1735] driven by constant 0
WARNING: [Synth 8-3917] design top has port y[1734] driven by constant 0
WARNING: [Synth 8-3917] design top has port y[1733] driven by constant 0
WARNING: [Synth 8-3917] design top has port y[1732] driven by constant 0
WARNING: [Synth 8-3917] design top has port y[1731] driven by constant 0
WARNING: [Synth 8-3917] design top has port y[1730] driven by constant 0
WARNING: [Synth 8-3917] design top has port y[1729] driven by constant 0
WARNING: [Synth 8-3917] design top has port y[1728] driven by constant 0
WARNING: [Synth 8-3917] design top has port y[1727] driven by constant 0
WARNING: [Synth 8-3917] design top has port y[1726] driven by constant 0
INFO: [Common 17-14] Message 'Synth 8-3917' appears 100 times and further instances of the messages will be disabled. Use the Tcl command set_msg_config to change the current settings.
---------------------------------------------------------------------------------
Finished Synthesize : Time (s): cpu = 00:00:04 ; elapsed = 00:00:04 . Memory (MB): peak = 2094.645 ; gain = 630.582 ; free physical = 6682 ; free virtual = 110658
---------------------------------------------------------------------------------
---------------------------------------------------------------------------------
Finished Constraint Validation : Time (s): cpu = 00:00:04 ; elapsed = 00:00:05 . Memory (MB): peak = 2112.457 ; gain = 648.395 ; free physical = 6281 ; free virtual = 110254
---------------------------------------------------------------------------------
---------------------------------------------------------------------------------
Start Loading Part and Timing Information
---------------------------------------------------------------------------------
Loading part: xc7k70tfbg676-3
INFO: [Device 21-403] Loading part xc7k70tfbg676-3
---------------------------------------------------------------------------------
Finished Loading Part and Timing Information : Time (s): cpu = 00:00:04 ; elapsed = 00:00:05 . Memory (MB): peak = 2120.461 ; gain = 656.398 ; free physical = 6278 ; free virtual = 110253
---------------------------------------------------------------------------------
WARNING: [Synth 8-3936] Found unconnected internal register 'reg507_reg' and it is trimmed from '19' to '11' bits. [/media/user/case/example_for_2024.1/case_12/fuzz_225/vivado/rtl.v:6454]
WARNING: [Synth 8-3936] Found unconnected internal register 'reg1035_reg' and it is trimmed from '9' to '7' bits. [/media/user/case/example_for_2024.1/case_12/fuzz_225/vivado/rtl.v:8962]
WARNING: [Synth 8-3936] Found unconnected internal register 'reg1533_reg' and it is trimmed from '20' to '4' bits. [/media/user/case/example_for_2024.1/case_12/fuzz_225/vivado/rtl.v:7259]
INFO: [Device 21-9227] Part: xc7k70tfbg676-3 does not have CEAM library.
WARNING: [Synth 8-327] inferring latch for variable 'forvar260' [/media/user/case/example_for_2024.1/case_12/fuzz_225/vivado/rtl.v:3590]
WARNING: [Synth 8-327] inferring latch for variable 'forvar268' [/media/user/case/example_for_2024.1/case_12/fuzz_225/vivado/rtl.v:3588]
WARNING: [Synth 8-327] inferring latch for variable 'forvar38' [/media/user/case/example_for_2024.1/case_12/fuzz_225/vivado/rtl.v:2612]
WARNING: [Synth 8-327] inferring latch for variable 'forvar69' [/media/user/case/example_for_2024.1/case_12/fuzz_225/vivado/rtl.v:2601]
WARNING: [Synth 8-327] inferring latch for variable 'forvar107' [/media/user/case/example_for_2024.1/case_12/fuzz_225/vivado/rtl.v:2583]
WARNING: [Synth 8-327] inferring latch for variable 'forvar109' [/media/user/case/example_for_2024.1/case_12/fuzz_225/vivado/rtl.v:2581]
WARNING: [Synth 8-327] inferring latch for variable 'forvar96' [/media/user/case/example_for_2024.1/case_12/fuzz_225/vivado/rtl.v:2577]
WARNING: [Synth 8-327] inferring latch for variable 'forvar128' [/media/user/case/example_for_2024.1/case_12/fuzz_225/vivado/rtl.v:2568]
WARNING: [Synth 8-327] inferring latch for variable 'forvar148' [/media/user/case/example_for_2024.1/case_12/fuzz_225/vivado/rtl.v:2558]
WARNING: [Synth 8-327] inferring latch for variable 'forvar155' [/media/user/case/example_for_2024.1/case_12/fuzz_225/vivado/rtl.v:2551]
WARNING: [Synth 8-327] inferring latch for variable 'forvar177' [/media/user/case/example_for_2024.1/case_12/fuzz_225/vivado/rtl.v:2539]
WARNING: [Synth 8-327] inferring latch for variable 'forvar183' [/media/user/case/example_for_2024.1/case_12/fuzz_225/vivado/rtl.v:2535]
WARNING: [Synth 8-327] inferring latch for variable 'forvar189' [/media/user/case/example_for_2024.1/case_12/fuzz_225/vivado/rtl.v:2533]
WARNING: [Synth 8-327] inferring latch for variable 'forvar178' [/media/user/case/example_for_2024.1/case_12/fuzz_225/vivado/rtl.v:2530]
WARNING: [Synth 8-327] inferring latch for variable 'forvar208' [/media/user/case/example_for_2024.1/case_12/fuzz_225/vivado/rtl.v:2523]
WARNING: [Synth 8-327] inferring latch for variable 'forvar206' [/media/user/case/example_for_2024.1/case_12/fuzz_225/vivado/rtl.v:2517]
WARNING: [Synth 8-327] inferring latch for variable 'forvar228' [/media/user/case/example_for_2024.1/case_12/fuzz_225/vivado/rtl.v:2512]
WARNING: [Synth 8-5577] Initial value set on signal reg408 is ignored as its size does not match that of the signal. Simulation mismatch may occur. [/media/user/case/example_for_2024.1/case_12/fuzz_225/vivado/rtl.v:6376]
WARNING: [Synth 8-327] inferring latch for variable 'forvar409' [/media/user/case/example_for_2024.1/case_12/fuzz_225/vivado/rtl.v:6553]
WARNING: [Synth 8-327] inferring latch for variable 'forvar447' [/media/user/case/example_for_2024.1/case_12/fuzz_225/vivado/rtl.v:6540]
WARNING: [Synth 8-327] inferring latch for variable 'forvar452' [/media/user/case/example_for_2024.1/case_12/fuzz_225/vivado/rtl.v:6538]
WARNING: [Synth 8-327] inferring latch for variable 'forvar499' [/media/user/case/example_for_2024.1/case_12/fuzz_225/vivado/rtl.v:6520]
WARNING: [Synth 8-327] inferring latch for variable 'forvar510' [/media/user/case/example_for_2024.1/case_12/fuzz_225/vivado/rtl.v:6513]
WARNING: [Synth 8-327] inferring latch for variable 'forvar562' [/media/user/case/example_for_2024.1/case_12/fuzz_225/vivado/rtl.v:6192]
WARNING: [Synth 8-327] inferring latch for variable 'forvar556' [/media/user/case/example_for_2024.1/case_12/fuzz_225/vivado/rtl.v:6189]
WARNING: [Synth 8-327] inferring latch for variable 'forvar561' [/media/user/case/example_for_2024.1/case_12/fuzz_225/vivado/rtl.v:6188]
WARNING: [Synth 8-327] inferring latch for variable 'forvar568' [/media/user/case/example_for_2024.1/case_12/fuzz_225/vivado/rtl.v:6187]
WARNING: [Synth 8-327] inferring latch for variable 'forvar518' [/media/user/case/example_for_2024.1/case_12/fuzz_225/vivado/rtl.v:5543]
WARNING: [Synth 8-327] inferring latch for variable 'forvar535' [/media/user/case/example_for_2024.1/case_12/fuzz_225/vivado/rtl.v:5530]
WARNING: [Synth 8-327] inferring latch for variable 'forvar586' [/media/user/case/example_for_2024.1/case_12/fuzz_225/vivado/rtl.v:5523]
WARNING: [Synth 8-327] inferring latch for variable 'forvar597' [/media/user/case/example_for_2024.1/case_12/fuzz_225/vivado/rtl.v:5518]
WARNING: [Synth 8-327] inferring latch for variable 'forvar600' [/media/user/case/example_for_2024.1/case_12/fuzz_225/vivado/rtl.v:5516]
WARNING: [Synth 8-327] inferring latch for variable 'forvar587' [/media/user/case/example_for_2024.1/case_12/fuzz_225/vivado/rtl.v:5513]
WARNING: [Synth 8-327] inferring latch for variable 'forvar645' [/media/user/case/example_for_2024.1/case_12/fuzz_225/vivado/rtl.v:5491]
WARNING: [Synth 8-327] inferring latch for variable 'forvar659' [/media/user/case/example_for_2024.1/case_12/fuzz_225/vivado/rtl.v:5482]
WARNING: [Synth 8-327] inferring latch for variable 'forvar666' [/media/user/case/example_for_2024.1/case_12/fuzz_225/vivado/rtl.v:5479]
WARNING: [Synth 8-327] inferring latch for variable 'forvar687' [/media/user/case/example_for_2024.1/case_12/fuzz_225/vivado/rtl.v:5468]
WARNING: [Synth 8-327] inferring latch for variable 'forvar689' [/media/user/case/example_for_2024.1/case_12/fuzz_225/vivado/rtl.v:5465]
WARNING: [Synth 8-327] inferring latch for variable 'forvar692' [/media/user/case/example_for_2024.1/case_12/fuzz_225/vivado/rtl.v:5463]
WARNING: [Synth 8-327] inferring latch for variable 'forvar698' [/media/user/case/example_for_2024.1/case_12/fuzz_225/vivado/rtl.v:5459]
WARNING: [Synth 8-327] inferring latch for variable 'forvar969' [/media/user/case/example_for_2024.1/case_12/fuzz_225/vivado/rtl.v:9089]
WARNING: [Synth 8-327] inferring latch for variable 'forvar983' [/media/user/case/example_for_2024.1/case_12/fuzz_225/vivado/rtl.v:9081]
WARNING: [Synth 8-327] inferring latch for variable 'forvar992' [/media/user/case/example_for_2024.1/case_12/fuzz_225/vivado/rtl.v:9079]
WARNING: [Synth 8-327] inferring latch for variable 'forvar991' [/media/user/case/example_for_2024.1/case_12/fuzz_225/vivado/rtl.v:9077]
WARNING: [Synth 8-327] inferring latch for variable 'forvar1016' [/media/user/case/example_for_2024.1/case_12/fuzz_225/vivado/rtl.v:9066]
WARNING: [Synth 8-327] inferring latch for variable 'forvar1029' [/media/user/case/example_for_2024.1/case_12/fuzz_225/vivado/rtl.v:9061]
WARNING: [Synth 8-327] inferring latch for variable 'forvar1224' [/media/user/case/example_for_2024.1/case_12/fuzz_225/vivado/rtl.v:8478]
WARNING: [Synth 8-327] inferring latch for variable 'forvar1233' [/media/user/case/example_for_2024.1/case_12/fuzz_225/vivado/rtl.v:8474]
WARNING: [Synth 8-327] inferring latch for variable 'forvar1246' [/media/user/case/example_for_2024.1/case_12/fuzz_225/vivado/rtl.v:8465]
WARNING: [Synth 8-327] inferring latch for variable 'forvar1255' [/media/user/case/example_for_2024.1/case_12/fuzz_225/vivado/rtl.v:8460]
WARNING: [Synth 8-327] inferring latch for variable 'forvar1259' [/media/user/case/example_for_2024.1/case_12/fuzz_225/vivado/rtl.v:8458]
WARNING: [Synth 8-327] inferring latch for variable 'forvar1280' [/media/user/case/example_for_2024.1/case_12/fuzz_225/vivado/rtl.v:8450]
WARNING: [Synth 8-327] inferring latch for variable 'forvar1282' [/media/user/case/example_for_2024.1/case_12/fuzz_225/vivado/rtl.v:8447]
WARNING: [Synth 8-327] inferring latch for variable 'forvar1338' [/media/user/case/example_for_2024.1/case_12/fuzz_225/vivado/rtl.v:7470]
WARNING: [Synth 8-327] inferring latch for variable 'forvar1361' [/media/user/case/example_for_2024.1/case_12/fuzz_225/vivado/rtl.v:7455]
WARNING: [Synth 8-327] inferring latch for variable 'forvar1368' [/media/user/case/example_for_2024.1/case_12/fuzz_225/vivado/rtl.v:7450]
WARNING: [Synth 8-327] inferring latch for variable 'forvar1421' [/media/user/case/example_for_2024.1/case_12/fuzz_225/vivado/rtl.v:7422]
WARNING: [Synth 8-327] inferring latch for variable 'forvar1444' [/media/user/case/example_for_2024.1/case_12/fuzz_225/vivado/rtl.v:7411]
WARNING: [Synth 8-327] inferring latch for variable 'forvar1447' [/media/user/case/example_for_2024.1/case_12/fuzz_225/vivado/rtl.v:7406]
WARNING: [Synth 8-327] inferring latch for variable 'forvar1455' [/media/user/case/example_for_2024.1/case_12/fuzz_225/vivado/rtl.v:7404]
WARNING: [Synth 8-327] inferring latch for variable 'forvar1468' [/media/user/case/example_for_2024.1/case_12/fuzz_225/vivado/rtl.v:7401]
WARNING: [Synth 8-327] inferring latch for variable 'forvar1456' [/media/user/case/example_for_2024.1/case_12/fuzz_225/vivado/rtl.v:7399]
WARNING: [Synth 8-327] inferring latch for variable 'forvar1477' [/media/user/case/example_for_2024.1/case_12/fuzz_225/vivado/rtl.v:7395]
WARNING: [Synth 8-327] inferring latch for variable 'forvar1471' [/media/user/case/example_for_2024.1/case_12/fuzz_225/vivado/rtl.v:7392]
WARNING: [Synth 8-327] inferring latch for variable 'forvar1525' [/media/user/case/example_for_2024.1/case_12/fuzz_225/vivado/rtl.v:7374]
WARNING: [Synth 8-327] inferring latch for variable 'forvar1529' [/media/user/case/example_for_2024.1/case_12/fuzz_225/vivado/rtl.v:7372]
WARNING: [Synth 8-327] inferring latch for variable 'forvar1066' [/media/user/case/example_for_2024.1/case_12/fuzz_225/vivado/rtl.v:4386]
WARNING: [Synth 8-327] inferring latch for variable 'forvar1069' [/media/user/case/example_for_2024.1/case_12/fuzz_225/vivado/rtl.v:4385]
WARNING: [Synth 8-327] inferring latch for variable 'forvar1074' [/media/user/case/example_for_2024.1/case_12/fuzz_225/vivado/rtl.v:4381]
WARNING: [Synth 8-327] inferring latch for variable 'forvar1125' [/media/user/case/example_for_2024.1/case_12/fuzz_225/vivado/rtl.v:4355]
WARNING: [Synth 8-327] inferring latch for variable 'forvar1126' [/media/user/case/example_for_2024.1/case_12/fuzz_225/vivado/rtl.v:4348]
WARNING: [Synth 8-327] inferring latch for variable 'forvar1144' [/media/user/case/example_for_2024.1/case_12/fuzz_225/vivado/rtl.v:4343]
WARNING: [Synth 8-327] inferring latch for variable 'forvar1160' [/media/user/case/example_for_2024.1/case_12/fuzz_225/vivado/rtl.v:4333]
WARNING: [Synth 8-327] inferring latch for variable 'forvar1166' [/media/user/case/example_for_2024.1/case_12/fuzz_225/vivado/rtl.v:4323]
WARNING: [Synth 8-327] inferring latch for variable 'forvar1174' [/media/user/case/example_for_2024.1/case_12/fuzz_225/vivado/rtl.v:4322]
WARNING: [Synth 8-327] inferring latch for variable 'forvar1207' [/media/user/case/example_for_2024.1/case_12/fuzz_225/vivado/rtl.v:4300]
WARNING: [Synth 8-327] inferring latch for variable 'forvar1212' [/media/user/case/example_for_2024.1/case_12/fuzz_225/vivado/rtl.v:4296]
WARNING: [Synth 8-327] inferring latch for variable 'forvar1576' [/media/user/case/example_for_2024.1/case_12/fuzz_225/vivado/rtl.v:4265]
WARNING: [Synth 8-327] inferring latch for variable 'forvar1585' [/media/user/case/example_for_2024.1/case_12/fuzz_225/vivado/rtl.v:4255]
WARNING: [Synth 8-327] inferring latch for variable 'forvar739' [/media/user/case/example_for_2024.1/case_12/fuzz_225/vivado/rtl.v:1510]
WARNING: [Synth 8-327] inferring latch for variable 'forvar759' [/media/user/case/example_for_2024.1/case_12/fuzz_225/vivado/rtl.v:1497]
WARNING: [Synth 8-327] inferring latch for variable 'forvar796' [/media/user/case/example_for_2024.1/case_12/fuzz_225/vivado/rtl.v:1478]
WARNING: [Synth 8-327] inferring latch for variable 'forvar800' [/media/user/case/example_for_2024.1/case_12/fuzz_225/vivado/rtl.v:1475]
WARNING: [Synth 8-327] inferring latch for variable 'forvar787' [/media/user/case/example_for_2024.1/case_12/fuzz_225/vivado/rtl.v:1474]
WARNING: [Synth 8-327] inferring latch for variable 'forvar827' [/media/user/case/example_for_2024.1/case_12/fuzz_225/vivado/rtl.v:1462]
WARNING: [Synth 8-327] inferring latch for variable 'forvar833' [/media/user/case/example_for_2024.1/case_12/fuzz_225/vivado/rtl.v:1461]
WARNING: [Synth 8-327] inferring latch for variable 'forvar844' [/media/user/case/example_for_2024.1/case_12/fuzz_225/vivado/rtl.v:1455]
WARNING: [Synth 8-327] inferring latch for variable 'forvar839' [/media/user/case/example_for_2024.1/case_12/fuzz_225/vivado/rtl.v:1452]
WARNING: [Synth 8-327] inferring latch for variable 'forvar1606' [/media/user/case/example_for_2024.1/case_12/fuzz_225/vivado/rtl.v:1447]
WARNING: [Synth 8-327] inferring latch for variable 'forvar1610' [/media/user/case/example_for_2024.1/case_12/fuzz_225/vivado/rtl.v:1446]
WARNING: [Synth 8-327] inferring latch for variable 'forvar1612' [/media/user/case/example_for_2024.1/case_12/fuzz_225/vivado/rtl.v:1445]
WARNING: [Synth 8-327] inferring latch for variable 'forvar1599' [/media/user/case/example_for_2024.1/case_12/fuzz_225/vivado/rtl.v:1439]
WARNING: [Synth 8-327] inferring latch for variable 'forvar1609' [/media/user/case/example_for_2024.1/case_12/fuzz_225/vivado/rtl.v:1438]
WARNING: [Synth 8-327] inferring latch for variable 'forvar348' [/media/user/case/example_for_2024.1/case_12/fuzz_225/vivado/rtl.v:382]
WARNING: [Synth 8-327] inferring latch for variable 'forvar1655' [/media/user/case/example_for_2024.1/case_12/fuzz_225/vivado/rtl.v:364]
WARNING: [Synth 8-327] inferring latch for variable 'forvar1664' [/media/user/case/example_for_2024.1/case_12/fuzz_225/vivado/rtl.v:360]
WARNING: [Synth 8-327] inferring latch for variable 'forvar1671' [/media/user/case/example_for_2024.1/case_12/fuzz_225/vivado/rtl.v:350]
WARNING: [Synth 8-327] inferring latch for variable 'forvar1698' [/media/user/case/example_for_2024.1/case_12/fuzz_225/vivado/rtl.v:345]
WARNING: [Synth 8-327] inferring latch for variable 'forvar1700' [/media/user/case/example_for_2024.1/case_12/fuzz_225/vivado/rtl.v:342]
WARNING: [Synth 8-327] inferring latch for variable 'forvar1721' [/media/user/case/example_for_2024.1/case_12/fuzz_225/vivado/rtl.v:330]
WARNING: [Synth 8-327] inferring latch for variable 'forvar1726' [/media/user/case/example_for_2024.1/case_12/fuzz_225/vivado/rtl.v:326]
INFO: [Common 17-14] Message 'Synth 8-327' appears 100 times and further instances of the messages will be disabled. Use the Tcl command set_msg_config to change the current settings.
---------------------------------------------------------------------------------
Finished RTL Optimization Phase 2 : Time (s): cpu = 00:00:10 ; elapsed = 00:00:08 . Memory (MB): peak = 2186.031 ; gain = 721.969 ; free physical = 4109 ; free virtual = 108132
---------------------------------------------------------------------------------
No constraint files found.
---------------------------------------------------------------------------------
Start RTL Component Statistics 
---------------------------------------------------------------------------------
Detailed RTL Component Info : 
+---Adders : 
	   2 Input   47 Bit       Adders := 1     
	   2 Input   43 Bit       Adders := 1     
	   2 Input   35 Bit       Adders := 2     
	   3 Input   29 Bit       Adders := 4     
	   2 Input   28 Bit       Adders := 1     
	   2 Input   25 Bit       Adders := 8     
	   3 Input   25 Bit       Adders := 2     
	   2 Input   24 Bit       Adders := 7     
	   3 Input   24 Bit       Adders := 10    
	   3 Input   23 Bit       Adders := 8     
	   2 Input   23 Bit       Adders := 2     
	   2 Input   22 Bit       Adders := 2     
	   3 Input   22 Bit       Adders := 2     
	   3 Input   21 Bit       Adders := 5     
	   2 Input   21 Bit       Adders := 5     
	   2 Input   20 Bit       Adders := 8     
	   2 Input   19 Bit       Adders := 7     
	   3 Input   19 Bit       Adders := 7     
	   3 Input   18 Bit       Adders := 2     
	   2 Input   18 Bit       Adders := 4     
	   3 Input   17 Bit       Adders := 4     
	   2 Input   17 Bit       Adders := 6     
	   2 Input   16 Bit       Adders := 4     
	   3 Input   15 Bit       Adders := 3     
	   2 Input   15 Bit       Adders := 5     
	   2 Input   14 Bit       Adders := 3     
	   3 Input   14 Bit       Adders := 2     
	   2 Input   13 Bit       Adders := 9     
	   3 Input   13 Bit       Adders := 2     
	   3 Input   12 Bit       Adders := 1     
	   2 Input   12 Bit       Adders := 6     
	   3 Input   11 Bit       Adders := 5     
	   2 Input   11 Bit       Adders := 4     
	   3 Input   10 Bit       Adders := 3     
	   2 Input   10 Bit       Adders := 1     
	   2 Input    9 Bit       Adders := 3     
	   3 Input    9 Bit       Adders := 1     
	   2 Input    8 Bit       Adders := 12    
	   2 Input    7 Bit       Adders := 5     
	   3 Input    7 Bit       Adders := 1     
	   3 Input    6 Bit       Adders := 5     
	   2 Input    6 Bit       Adders := 4     
	   3 Input    5 Bit       Adders := 3     
	   2 Input    5 Bit       Adders := 3     
	   2 Input    4 Bit       Adders := 3     
	   3 Input    3 Bit       Adders := 3     
	   2 Input    3 Bit       Adders := 3     
	   2 Input    2 Bit       Adders := 4     
	   2 Input    1 Bit       Adders := 2     
	   3 Input    1 Bit       Adders := 1     
+---XORs : 
	   2 Input     25 Bit         XORs := 13    
	   2 Input     24 Bit         XORs := 12    
	   2 Input     23 Bit         XORs := 10    
	   2 Input     22 Bit         XORs := 16    
	   2 Input     21 Bit         XORs := 15    
	   3 Input     21 Bit         XORs := 3     
	   2 Input     20 Bit         XORs := 13    
	   2 Input     19 Bit         XORs := 14    
	   2 Input     18 Bit         XORs := 29    
	   2 Input     17 Bit         XORs := 10    
	   3 Input     17 Bit         XORs := 1     
	   2 Input     16 Bit         XORs := 13    
	   2 Input     15 Bit         XORs := 4     
	   2 Input     14 Bit         XORs := 13    
	   3 Input     14 Bit         XORs := 1     
	   2 Input     13 Bit         XORs := 5     
	   2 Input     12 Bit         XORs := 4     
	   2 Input     11 Bit         XORs := 11    
	   2 Input     10 Bit         XORs := 6     
	   2 Input      9 Bit         XORs := 8     
	   2 Input      8 Bit         XORs := 18    
	   2 Input      7 Bit         XORs := 11    
	   2 Input      6 Bit         XORs := 7     
	   2 Input      5 Bit         XORs := 2     
	   2 Input      4 Bit         XORs := 3     
	   2 Input      3 Bit         XORs := 12    
	   2 Input      2 Bit         XORs := 1     
	   2 Input      1 Bit         XORs := 7     
+---XORs : 
	               35 Bit    Wide XORs := 2     
	               34 Bit    Wide XORs := 2     
	               32 Bit    Wide XORs := 2     
	               30 Bit    Wide XORs := 1     
	               29 Bit    Wide XORs := 1     
	               27 Bit    Wide XORs := 1     
	               26 Bit    Wide XORs := 2     
	               25 Bit    Wide XORs := 6     
	               24 Bit    Wide XORs := 25    
	               23 Bit    Wide XORs := 8     
	               22 Bit    Wide XORs := 7     
	               21 Bit    Wide XORs := 24    
	               20 Bit    Wide XORs := 9     
	               19 Bit    Wide XORs := 23    
	               18 Bit    Wide XORs := 20    
	               17 Bit    Wide XORs := 21    
	               16 Bit    Wide XORs := 10    
	               15 Bit    Wide XORs := 7     
	               14 Bit    Wide XORs := 17    
	               13 Bit    Wide XORs := 9     
	               12 Bit    Wide XORs := 20    
	               11 Bit    Wide XORs := 15    
	               10 Bit    Wide XORs := 9     
	                9 Bit    Wide XORs := 9     
	                8 Bit    Wide XORs := 16    
	                7 Bit    Wide XORs := 12    
	                6 Bit    Wide XORs := 10    
	                5 Bit    Wide XORs := 6     
	                4 Bit    Wide XORs := 15    
	                3 Bit    Wide XORs := 12    
	                2 Bit    Wide XORs := 6     
	                1 Bit    Wide XORs := 60    
+---Registers : 
	               25 Bit    Registers := 56    
	               24 Bit    Registers := 60    
	               23 Bit    Registers := 56    
	               22 Bit    Registers := 56    
	               21 Bit    Registers := 62    
	               20 Bit    Registers := 58    
	               19 Bit    Registers := 79    
	               18 Bit    Registers := 75    
	               17 Bit    Registers := 62    
	               16 Bit    Registers := 68    
	               15 Bit    Registers := 53    
	               14 Bit    Registers := 66    
	               13 Bit    Registers := 54    
	               12 Bit    Registers := 72    
	               11 Bit    Registers := 73    
	               10 Bit    Registers := 69    
	                9 Bit    Registers := 74    
	                8 Bit    Registers := 98    
	                7 Bit    Registers := 68    
	                6 Bit    Registers := 84    
	                5 Bit    Registers := 65    
	                4 Bit    Registers := 89    
	                3 Bit    Registers := 106   
	                2 Bit    Registers := 60    
	                1 Bit    Registers := 101   
+---Multipliers : 
	              28x28  Multipliers := 1     
	               8x28  Multipliers := 1     
	              23x25  Multipliers := 1     
	               8x25  Multipliers := 1     
	              25x25  Multipliers := 1     
	               8x24  Multipliers := 3     
	               1x24  Multipliers := 3     
	              10x23  Multipliers := 3     
	               6x22  Multipliers := 1     
	               1x22  Multipliers := 1     
	              14x21  Multipliers := 3     
	              10x21  Multipliers := 1     
	               9x15  Multipliers := 1     
	               4x18  Multipliers := 1     
	              11x16  Multipliers := 1     
	              15x18  Multipliers := 1     
	               8x16  Multipliers := 1     
	              16x16  Multipliers := 1     
	               8x15  Multipliers := 1     
	               1x14  Multipliers := 3     
	               8x13  Multipliers := 1     
	               3x13  Multipliers := 1     
	               1x13  Multipliers := 1     
	              11x11  Multipliers := 1     
	               6x12  Multipliers := 1     
	                5x6  Multipliers := 1     
	               8x11  Multipliers := 1     
	              10x10  Multipliers := 3     
	               6x10  Multipliers := 1     
	               1x10  Multipliers := 1     
	                2x7  Multipliers := 1     
	                9x9  Multipliers := 6     
	                5x8  Multipliers := 1     
	                8x8  Multipliers := 1     
	                1x7  Multipliers := 1     
	                4x6  Multipliers := 1     
	                1x6  Multipliers := 1     
	                3x5  Multipliers := 3     
	                3x4  Multipliers := 1     
	                1x3  Multipliers := 4     
	                1x4  Multipliers := 1     
	                4x4  Multipliers := 1     
	                1x2  Multipliers := 1     
	                1x1  Multipliers := 3     
+---Muxes : 
	   2 Input   47 Bit        Muxes := 1     
	   2 Input   46 Bit        Muxes := 1     
	   2 Input   40 Bit        Muxes := 1     
	   2 Input   37 Bit        Muxes := 3     
	   2 Input   36 Bit        Muxes := 2     
	   2 Input   35 Bit        Muxes := 1     
	   2 Input   33 Bit        Muxes := 2     
	   2 Input   32 Bit        Muxes := 1     
	   2 Input   31 Bit        Muxes := 1     
	   2 Input   30 Bit        Muxes := 1     
	   2 Input   29 Bit        Muxes := 1     
	   2 Input   28 Bit        Muxes := 2     
	   2 Input   27 Bit        Muxes := 1     
	   2 Input   26 Bit        Muxes := 1     
	   2 Input   25 Bit        Muxes := 126   
	   3 Input   25 Bit        Muxes := 4     
	   2 Input   24 Bit        Muxes := 96    
	   3 Input   24 Bit        Muxes := 1     
	   2 Input   23 Bit        Muxes := 118   
	   3 Input   23 Bit        Muxes := 3     
	   2 Input   22 Bit        Muxes := 119   
	   3 Input   22 Bit        Muxes := 5     
	   2 Input   21 Bit        Muxes := 89    
	   3 Input   21 Bit        Muxes := 7     
	   2 Input   20 Bit        Muxes := 105   
	   3 Input   20 Bit        Muxes := 1     
	   2 Input   19 Bit        Muxes := 116   
	   3 Input   19 Bit        Muxes := 5     
	   2 Input   18 Bit        Muxes := 150   
	   4 Input   18 Bit        Muxes := 2     
	   2 Input   17 Bit        Muxes := 143   
	   3 Input   17 Bit        Muxes := 3     
	   2 Input   16 Bit        Muxes := 78    
	   3 Input   16 Bit        Muxes := 5     
	   2 Input   15 Bit        Muxes := 55    
	   3 Input   15 Bit        Muxes := 7     
	   4 Input   15 Bit        Muxes := 1     
	   2 Input   14 Bit        Muxes := 133   
	   4 Input   14 Bit        Muxes := 1     
	   3 Input   14 Bit        Muxes := 2     
	   2 Input   13 Bit        Muxes := 82    
	   3 Input   13 Bit        Muxes := 4     
	   2 Input   12 Bit        Muxes := 117   
	   3 Input   12 Bit        Muxes := 4     
	   2 Input   11 Bit        Muxes := 137   
	   3 Input   11 Bit        Muxes := 5     
	   2 Input   10 Bit        Muxes := 141   
	   3 Input   10 Bit        Muxes := 10    
	   2 Input    9 Bit        Muxes := 103   
	   3 Input    9 Bit        Muxes := 5     
	   4 Input    9 Bit        Muxes := 1     
	   2 Input    8 Bit        Muxes := 209   
	   6 Input    8 Bit        Muxes := 3     
	   4 Input    8 Bit        Muxes := 8     
	   3 Input    8 Bit        Muxes := 17    
	   2 Input    7 Bit        Muxes := 99    
	   3 Input    7 Bit        Muxes := 8     
	   2 Input    6 Bit        Muxes := 127   
	   4 Input    6 Bit        Muxes := 4     
	   3 Input    6 Bit        Muxes := 1     
	   2 Input    5 Bit        Muxes := 120   
	   3 Input    5 Bit        Muxes := 7     
	   4 Input    5 Bit        Muxes := 1     
	   2 Input    4 Bit        Muxes := 141   
	   3 Input    4 Bit        Muxes := 4     
	   4 Input    4 Bit        Muxes := 1     
	   2 Input    3 Bit        Muxes := 161   
	   3 Input    3 Bit        Muxes := 1     
	   2 Input    2 Bit        Muxes := 72    
	   2 Input    1 Bit        Muxes := 390   
	   3 Input    1 Bit        Muxes := 6     
---------------------------------------------------------------------------------
Finished RTL Component Statistics 
---------------------------------------------------------------------------------
---------------------------------------------------------------------------------
Start Part Resource Summary
---------------------------------------------------------------------------------
Part Resources:
DSPs: 240 (col length:80)
BRAMs: 270 (col length: RAMB18 80 RAMB36 40)
---------------------------------------------------------------------------------
Finished Part Resource Summary
---------------------------------------------------------------------------------
No constraint files found.
---------------------------------------------------------------------------------
Start Cross Boundary and Area Optimization
---------------------------------------------------------------------------------
WARNING: [Synth 8-3332] Sequential element (forvar1224) is unused and will be removed from module module1218.
WARNING: [Synth 8-3332] Sequential element (forvar1224__0) is unused and will be removed from module module1218.
WARNING: [Synth 8-3332] Sequential element (forvar1224__1) is unused and will be removed from module module1218.
WARNING: [Synth 8-3332] Sequential element (forvar1224__2) is unused and will be removed from module module1218.
WARNING: [Synth 8-3332] Sequential element (forvar1224__3) is unused and will be removed from module module1218.
WARNING: [Synth 8-3332] Sequential element (forvar1224__4) is unused and will be removed from module module1218.
WARNING: [Synth 8-3332] Sequential element (forvar1224__5) is unused and will be removed from module module1218.
WARNING: [Synth 8-3332] Sequential element (forvar1224__6) is unused and will be removed from module module1218.
WARNING: [Synth 8-3332] Sequential element (forvar1224__7) is unused and will be removed from module module1218.
WARNING: [Synth 8-3332] Sequential element (forvar1224__8) is unused and will be removed from module module1218.
WARNING: [Synth 8-3332] Sequential element (forvar1224__9) is unused and will be removed from module module1218.
WARNING: [Synth 8-3332] Sequential element (forvar1224__10) is unused and will be removed from module module1218.
WARNING: [Synth 8-3332] Sequential element (forvar1233) is unused and will be removed from module module1218.
WARNING: [Synth 8-3332] Sequential element (forvar1233__0) is unused and will be removed from module module1218.
WARNING: [Synth 8-3332] Sequential element (forvar1233__1) is unused and will be removed from module module1218.
WARNING: [Synth 8-3332] Sequential element (forvar1233__2) is unused and will be removed from module module1218.
WARNING: [Synth 8-3332] Sequential element (forvar1233__3) is unused and will be removed from module module1218.
WARNING: [Synth 8-3332] Sequential element (forvar1233__4) is unused and will be removed from module module1218.
WARNING: [Synth 8-3332] Sequential element (forvar1233__5) is unused and will be removed from module module1218.
WARNING: [Synth 8-3332] Sequential element (forvar1233__6) is unused and will be removed from module module1218.
WARNING: [Synth 8-3332] Sequential element (forvar1233__7) is unused and will be removed from module module1218.
WARNING: [Synth 8-3332] Sequential element (forvar1233__8) is unused and will be removed from module module1218.
WARNING: [Synth 8-3332] Sequential element (forvar1233__9) is unused and will be removed from module module1218.
WARNING: [Synth 8-3332] Sequential element (forvar1246) is unused and will be removed from module module1218.
WARNING: [Synth 8-3332] Sequential element (forvar1246__0) is unused and will be removed from module module1218.
WARNING: [Synth 8-3332] Sequential element (forvar1246__1) is unused and will be removed from module module1218.
WARNING: [Synth 8-3332] Sequential element (forvar1246__2) is unused and will be removed from module module1218.
WARNING: [Synth 8-3332] Sequential element (forvar1246__3) is unused and will be removed from module module1218.
WARNING: [Synth 8-3332] Sequential element (forvar1246__4) is unused and will be removed from module module1218.
WARNING: [Synth 8-3332] Sequential element (forvar1246__5) is unused and will be removed from module module1218.
WARNING: [Synth 8-3332] Sequential element (forvar1246__6) is unused and will be removed from module module1218.
WARNING: [Synth 8-3332] Sequential element (forvar1246__7) is unused and will be removed from module module1218.
WARNING: [Synth 8-3332] Sequential element (forvar1246__8) is unused and will be removed from module module1218.
WARNING: [Synth 8-3332] Sequential element (forvar1246__9) is unused and will be removed from module module1218.
WARNING: [Synth 8-3332] Sequential element (forvar1246__10) is unused and will be removed from module module1218.
WARNING: [Synth 8-3332] Sequential element (forvar1246__11) is unused and will be removed from module module1218.
WARNING: [Synth 8-3332] Sequential element (forvar1246__12) is unused and will be removed from module module1218.
WARNING: [Synth 8-3332] Sequential element (forvar1246__13) is unused and will be removed from module module1218.
WARNING: [Synth 8-3332] Sequential element (forvar1246__14) is unused and will be removed from module module1218.
WARNING: [Synth 8-3332] Sequential element (forvar1246__15) is unused and will be removed from module module1218.
WARNING: [Synth 8-3332] Sequential element (forvar1246__16) is unused and will be removed from module module1218.
WARNING: [Synth 8-3332] Sequential element (forvar1246__17) is unused and will be removed from module module1218.
WARNING: [Synth 8-3332] Sequential element (forvar1246__18) is unused and will be removed from module module1218.
WARNING: [Synth 8-3332] Sequential element (forvar1246__19) is unused and will be removed from module module1218.
WARNING: [Synth 8-3332] Sequential element (forvar1246__20) is unused and will be removed from module module1218.
WARNING: [Synth 8-3332] Sequential element (forvar1246__21) is unused and will be removed from module module1218.
WARNING: [Synth 8-3332] Sequential element (forvar1246__22) is unused and will be removed from module module1218.
WARNING: [Synth 8-3332] Sequential element (forvar1255) is unused and will be removed from module module1218.
WARNING: [Synth 8-3332] Sequential element (forvar1255__0) is unused and will be removed from module module1218.
WARNING: [Synth 8-3332] Sequential element (forvar1255__1) is unused and will be removed from module module1218.
WARNING: [Synth 8-3332] Sequential element (forvar1255__2) is unused and will be removed from module module1218.
WARNING: [Synth 8-3332] Sequential element (forvar1255__3) is unused and will be removed from module module1218.
WARNING: [Synth 8-3332] Sequential element (forvar1255__4) is unused and will be removed from module module1218.
WARNING: [Synth 8-3332] Sequential element (forvar1255__5) is unused and will be removed from module module1218.
WARNING: [Synth 8-3332] Sequential element (forvar1255__6) is unused and will be removed from module module1218.
WARNING: [Synth 8-3332] Sequential element (forvar1255__7) is unused and will be removed from module module1218.
WARNING: [Synth 8-3332] Sequential element (forvar1255__8) is unused and will be removed from module module1218.
WARNING: [Synth 8-3332] Sequential element (forvar1255__9) is unused and will be removed from module module1218.
WARNING: [Synth 8-3332] Sequential element (forvar1255__10) is unused and will be removed from module module1218.
WARNING: [Synth 8-3332] Sequential element (forvar1255__11) is unused and will be removed from module module1218.
WARNING: [Synth 8-3332] Sequential element (forvar1255__12) is unused and will be removed from module module1218.
WARNING: [Synth 8-3332] Sequential element (forvar1255__13) is unused and will be removed from module module1218.
WARNING: [Synth 8-3332] Sequential element (forvar1255__14) is unused and will be removed from module module1218.
WARNING: [Synth 8-3332] Sequential element (forvar1255__15) is unused and will be removed from module module1218.
WARNING: [Synth 8-3332] Sequential element (forvar1255__16) is unused and will be removed from module module1218.
WARNING: [Synth 8-3332] Sequential element (forvar1255__17) is unused and will be removed from module module1218.
WARNING: [Synth 8-3332] Sequential element (forvar1255__18) is unused and will be removed from module module1218.
WARNING: [Synth 8-3332] Sequential element (forvar1259) is unused and will be removed from module module1218.
WARNING: [Synth 8-3332] Sequential element (forvar1259__0) is unused and will be removed from module module1218.
WARNING: [Synth 8-3332] Sequential element (forvar1259__1) is unused and will be removed from module module1218.
WARNING: [Synth 8-3332] Sequential element (forvar1259__2) is unused and will be removed from module module1218.
WARNING: [Synth 8-3332] Sequential element (forvar1259__3) is unused and will be removed from module module1218.
WARNING: [Synth 8-3332] Sequential element (forvar1259__4) is unused and will be removed from module module1218.
WARNING: [Synth 8-3332] Sequential element (forvar1259__5) is unused and will be removed from module module1218.
WARNING: [Synth 8-3332] Sequential element (forvar1259__6) is unused and will be removed from module module1218.
WARNING: [Synth 8-3332] Sequential element (forvar1259__7) is unused and will be removed from module module1218.
WARNING: [Synth 8-3332] Sequential element (forvar1259__8) is unused and will be removed from module module1218.
WARNING: [Synth 8-3332] Sequential element (forvar1259__9) is unused and will be removed from module module1218.
WARNING: [Synth 8-3332] Sequential element (forvar1259__10) is unused and will be removed from module module1218.
WARNING: [Synth 8-3332] Sequential element (forvar1259__11) is unused and will be removed from module module1218.
WARNING: [Synth 8-3332] Sequential element (forvar1259__12) is unused and will be removed from module module1218.
WARNING: [Synth 8-3332] Sequential element (forvar1259__13) is unused and will be removed from module module1218.
WARNING: [Synth 8-3332] Sequential element (forvar1259__14) is unused and will be removed from module module1218.
WARNING: [Synth 8-3332] Sequential element (forvar1259__15) is unused and will be removed from module module1218.
WARNING: [Synth 8-3332] Sequential element (forvar1259__16) is unused and will be removed from module module1218.
WARNING: [Synth 8-3332] Sequential element (forvar1259__17) is unused and will be removed from module module1218.
WARNING: [Synth 8-3332] Sequential element (forvar1280) is unused and will be removed from module module1218.
WARNING: [Synth 8-3332] Sequential element (forvar1280__0) is unused and will be removed from module module1218.
WARNING: [Synth 8-3332] Sequential element (forvar1280__1) is unused and will be removed from module module1218.
WARNING: [Synth 8-3332] Sequential element (forvar1280__2) is unused and will be removed from module module1218.
WARNING: [Synth 8-3332] Sequential element (forvar1280__3) is unused and will be removed from module module1218.
WARNING: [Synth 8-3332] Sequential element (forvar1280__4) is unused and will be removed from module module1218.
WARNING: [Synth 8-3332] Sequential element (forvar1280__5) is unused and will be removed from module module1218.
WARNING: [Synth 8-3332] Sequential element (forvar1280__6) is unused and will be removed from module module1218.
WARNING: [Synth 8-3332] Sequential element (forvar1282) is unused and will be removed from module module1218.
WARNING: [Synth 8-3332] Sequential element (forvar1282__0) is unused and will be removed from module module1218.
WARNING: [Synth 8-3332] Sequential element (forvar1282__1) is unused and will be removed from module module1218.
WARNING: [Synth 8-3332] Sequential element (forvar1282__2) is unused and will be removed from module module1218.
WARNING: [Synth 8-3332] Sequential element (forvar1282__3) is unused and will be removed from module module1218.
WARNING: [Synth 8-3332] Sequential element (forvar1282__4) is unused and will be removed from module module1218.
INFO: [Common 17-14] Message 'Synth 8-3332' appears 100 times and further instances of the messages will be disabled. Use the Tcl command set_msg_config to change the current settings.
--------------------------------------------------------------
Start Part Resource Summary
---------------------------------------------------------------------------------
Part Resources:
DSPs: 240 (col length:80)
BRAMs: 270 (col length: RAMB18 80 RAMB36 40)
---------------------------------------------------------------------------------
Finished Part Resource Summary
---------------------------------------------------------------------------------
---------------------------------------------------------------------------------
Start Cross Boundary and Area Optimization
---------------------------------------------------------------------------------
WARNING: [Synth 8-3332] Sequential element (forvar1224) is unused and will be removed from module module1218.
WARNING: [Synth 8-3332] Sequential element (forvar1224__0) is unused and will be removed from module module1218.
WARNING: [Synth 8-3332] Sequential element (forvar1224__1) is unused and will be removed from module module1218.
WARNING: [Synth 8-3332] Sequential element (forvar1224__2) is unused and will be removed from module module1218.
WARNING: [Synth 8-3332] Sequential element (forvar1224__3) is unused and will be removed from module module1218.
WARNING: [Synth 8-3332] Sequential element (forvar1224__4) is unused and will be removed from module module1218.
WARNING: [Synth 8-3332] Sequential element (forvar1224__5) is unused and will be removed from module module1218.
WARNING: [Synth 8-3332] Sequential element (forvar1224__6) is unused and will be removed from module module1218.
WARNING: [Synth 8-3332] Sequential element (forvar1224__7) is unused and will be removed from module module1218.
WARNING: [Synth 8-3332] Sequential element (forvar1224__8) is unused and will be removed from module module1218.
WARNING: [Synth 8-3332] Sequential element (forvar1224__9) is unused and will be removed from module module1218.
WARNING: [Synth 8-3332] Sequential element (forvar1224__10) is unused and will be removed from module module1218.
WARNING: [Synth 8-3332] Sequential element (forvar1233) is unused and will be removed from module module1218.
WARNING: [Synth 8-3332] Sequential element (forvar1233__0) is unused and will be removed from module module1218.
WARNING: [Synth 8-3332] Sequential element (forvar1233__1) is unused and will be removed from module module1218.
WARNING: [Synth 8-3332] Sequential element (forvar1233__2) is unused and will be removed from module module1218.
WARNING: [Synth 8-3332] Sequential element (forvar1233__3) is unused and will be removed from module module1218.
WARNING: [Synth 8-3332] Sequential element (forvar1233__4) is unused and will be removed from module module1218.
WARNING: [Synth 8-3332] Sequential element (forvar1233__5) is unused and will be removed from module module1218.
WARNING: [Synth 8-3332] Sequential element (forvar1233__6) is unused and will be removed from module module1218.
WARNING: [Synth 8-3332] Sequential element (forvar1233__7) is unused and will be removed from module module1218.
WARNING: [Synth 8-3332] Sequential element (forvar1233__8) is unused and will be removed from module module1218.
WARNING: [Synth 8-3332] Sequential element (forvar1233__9) is unused and will be removed from module module1218.
WARNING: [Synth 8-3332] Sequential element (forvar1246) is unused and will be removed from module module1218.
WARNING: [Synth 8-3332] Sequential element (forvar1246__0) is unused and will be removed from module module1218.
WARNING: [Synth 8-3332] Sequential element (forvar1246__1) is unused and will be removed from module module1218.
WARNING: [Synth 8-3332] Sequential element (forvar1246__2) is unused and will be removed from module module1218.
WARNING: [Synth 8-3332] Sequential element (forvar1246__3) is unused and will be removed from module module1218.
WARNING: [Synth 8-3332] Sequential element (forvar1246__4) is unused and will be removed from module module1218.
WARNING: [Synth 8-3332] Sequential element (forvar1246__5) is unused and will be removed from module module1218.
WARNING: [Synth 8-3332] Sequential element (forvar1246__6) is unused and will be removed from module module1218.
WARNING: [Synth 8-3332] Sequential element (forvar1246__7) is unused and will be removed from module module1218.
WARNING: [Synth 8-3332] Sequential element (forvar1246__8) is unused and will be removed from module module1218.
WARNING: [Synth 8-3332] Sequential element (forvar1246__9) is unused and will be removed from module module1218.
WARNING: [Synth 8-3332] Sequential element (forvar1246__10) is unused and will be removed from module module1218.
WARNING: [Synth 8-3332] Sequential element (forvar1246__11) is unused and will be removed from module module1218.
WARNING: [Synth 8-3332] Sequential element (forvar1246__12) is unused and will be removed from module module1218.
WARNING: [Synth 8-3332] Sequential element (forvar1246__13) is unused and will be removed from module module1218.
WARNING: [Synth 8-3332] Sequential element (forvar1246__14) is unused and will be removed from module module1218.
WARNING: [Synth 8-3332] Sequential element (forvar1246__15) is unused and will be removed from module module1218.
WARNING: [Synth 8-3332] Sequential element (forvar1246__16) is unused and will be removed from module module1218.
WARNING: [Synth 8-3332] Sequential element (forvar1246__17) is unused and will be removed from module module1218.
WARNING: [Synth 8-3332] Sequential element (forvar1246__18) is unused and will be removed from module module1218.
WARNING: [Synth 8-3332] Sequential element (forvar1246__19) is unused and will be removed from module module1218.
WARNING: [Synth 8-3332] Sequential element (forvar1246__20) is unused and will be removed from module module1218.
WARNING: [Synth 8-3332] Sequential element (forvar1246__21) is unused and will be removed from module module1218.
WARNING: [Synth 8-3332] Sequential element (forvar1246__22) is unused and will be removed from module module1218.
WARNING: [Synth 8-3332] Sequential element (forvar1255) is unused and will be removed from module module1218.
WARNING: [Synth 8-3332] Sequential element (forvar1255__0) is unused and will be removed from module module1218.
WARNING: [Synth 8-3332] Sequential element (forvar1255__1) is unused and will be removed from module module1218.
WARNING: [Synth 8-3332] Sequential element (forvar1255__2) is unused and will be removed from module module1218.
WARNING: [Synth 8-3332] Sequential element (forvar1255__3) is unused and will be removed from module module1218.
WARNING: [Synth 8-3332] Sequential element (forvar1255__4) is unused and will be removed from module module1218.
WARNING: [Synth 8-3332] Sequential element (forvar1255__5) is unused and will be removed from module module1218.
WARNING: [Synth 8-3332] Sequential element (forvar1255__6) is unused and will be removed from module module1218.
WARNING: [Synth 8-3332] Sequential element (forvar1255__7) is unused and will be removed from module module1218.
WARNING: [Synth 8-3332] Sequential element (forvar1255__8) is unused and will be removed from module module1218.
WARNING: [Synth 8-3332] Sequential element (forvar1255__9) is unused and will be removed from module module1218.
WARNING: [Synth 8-3332] Sequential element (forvar1255__10) is unused and will be removed from module module1218.
WARNING: [Synth 8-3332] Sequential element (forvar1255__11) is unused and will be removed from module module1218.
WARNING: [Synth 8-3332] Sequential element (forvar1255__12) is unused and will be removed from module module1218.
WARNING: [Synth 8-3332] Sequential element (forvar1255__13) is unused and will be removed from module module1218.
WARNING: [Synth 8-3332] Sequential element (forvar1255__14) is unused and will be removed from module module1218.
WARNING: [Synth 8-3332] Sequential element (forvar1255__15) is unused and will be removed from module module1218.
WARNING: [Synth 8-3332] Sequential element (forvar1255__16) is unused and will be removed from module module1218.
WARNING: [Synth 8-3332] Sequential element (forvar1255__17) is unused and will be removed from module module1218.
WARNING: [Synth 8-3332] Sequential element (forvar1255__18) is unused and will be removed from module module1218.
WARNING: [Synth 8-3332] Sequential element (forvar1259) is unused and will be removed from module module1218.
WARNING: [Synth 8-3332] Sequential element (forvar1259__0) is unused and will be removed from module module1218.
WARNING: [Synth 8-3332] Sequential element (forvar1259__1) is unused and will be removed from module module1218.
WARNING: [Synth 8-3332] Sequential element (forvar1259__2) is unused and will be removed from module module1218.
WARNING: [Synth 8-3332] Sequential element (forvar1259__3) is unused and will be removed from module module1218.
WARNING: [Synth 8-3332] Sequential element (forvar1259__4) is unused and will be removed from module module1218.
WARNING: [Synth 8-3332] Sequential element (forvar1259__5) is unused and will be removed from module module1218.
WARNING: [Synth 8-3332] Sequential element (forvar1259__6) is unused and will be removed from module module1218.
WARNING: [Synth 8-3332] Sequential element (forvar1259__7) is unused and will be removed from module module1218.
WARNING: [Synth 8-3332] Sequential element (forvar1259__8) is unused and will be removed from module module1218.
WARNING: [Synth 8-3332] Sequential element (forvar1259__9) is unused and will be removed from module module1218.
WARNING: [Synth 8-3332] Sequential element (forvar1259__10) is unused and will be removed from module module1218.
WARNING: [Synth 8-3332] Sequential element (forvar1259__11) is unused and will be removed from module module1218.
WARNING: [Synth 8-3332] Sequential element (forvar1259__12) is unused and will be removed from module module1218.
WARNING: [Synth 8-3332] Sequential element (forvar1259__13) is unused and will be removed from module module1218.
WARNING: [Synth 8-3332] Sequential element (forvar1259__14) is unused and will be removed from module module1218.
WARNING: [Synth 8-3332] Sequential element (forvar1259__15) is unused and will be removed from module module1218.
WARNING: [Synth 8-3332] Sequential element (forvar1259__16) is unused and will be removed from module module1218.
WARNING: [Synth 8-3332] Sequential element (forvar1259__17) is unused and will be removed from module module1218.
WARNING: [Synth 8-3332] Sequential element (forvar1280) is unused and will be removed from module module1218.
WARNING: [Synth 8-3332] Sequential element (forvar1280__0) is unused and will be removed from module module1218.
WARNING: [Synth 8-3332] Sequential element (forvar1280__1) is unused and will be removed from module module1218.
WARNING: [Synth 8-3332] Sequential element (forvar1280__2) is unused and will be removed from module module1218.
WARNING: [Synth 8-3332] Sequential element (forvar1280__3) is unused and will be removed from module module1218.
WARNING: [Synth 8-3332] Sequential element (forvar1280__4) is unused and will be removed from module module1218.
WARNING: [Synth 8-3332] Sequential element (forvar1280__5) is unused and will be removed from module module1218.
WARNING: [Synth 8-3332] Sequential element (forvar1280__6) is unused and will be removed from module module1218.
WARNING: [Synth 8-3332] Sequential element (forvar1282) is unused and will be removed from module module1218.
WARNING: [Synth 8-3332] Sequential element (forvar1282__0) is unused and will be removed from module module1218.
WARNING: [Synth 8-3332] Sequential element (forvar1282__1) is unused and will be removed from module module1218.
WARNING: [Synth 8-3332] Sequential element (forvar1282__2) is unused and will be removed from module module1218.
WARNING: [Synth 8-3332] Sequential element (forvar1282__3) is unused and will be removed from module module1218.
WARNING: [Synth 8-3332] Sequential element (forvar1282__4) is unused and will be removed from module module1218.
INFO: [Common 17-14] Message 'Synth 8-3332' appears 100 times and further instances of the messages will be disabled. Use the Tcl command set_msg_config to change the current settings.
