#
# An unexpected error has occurred (11)
#
Stack:
/lib/x86_64-linux-gnu/libc.so.6(+0x42520) [0x706b30242520]
/home/user/software/vivado2024/Vivado/2024.1/lib/lnx64.o/librdi_synth.so(DFPin::disconnect()+0xd) [0x706af86154ed]
/home/user/software/vivado2024/Vivado/2024.1/lib/lnx64.o/librdi_synth.so(+0x11607f9) [0x706af6f607f9]
/home/user/software/vivado2024/Vivado/2024.1/lib/lnx64.o/librdi_synth.so(HARTHOptPrepDsp::prepDspConnections(DFNode*)+0x15e) [0x706af6f69cce]
/home/user/software/vivado2024/Vivado/2024.1/lib/lnx64.o/librdi_synth.so(DFPin::travelTopDownIter(DFGraphTraverseFuncVoid&, UFlags<Option>, UHashList<DFEdge*, DFEdge*, UEKey<DFEdge*>, UHashListNode<DFEdge*>, DFEdge*>*, DFGraph*)+0x580) [0x706af8618ae0]
/home/user/software/vivado2024/Vivado/2024.1/lib/lnx64.o/librdi_synth.so(DFGraph::traverseTopDown(DFGraphTraverseFuncVoid&, UFlags<Option>, UHashList<DFEdge*, DFEdge*, UEKey<DFEdge*>, UHashListNode<DFEdge*>, DFEdge*>*, DFGraph*)+0xb9) [0x706af85fd8e9]
/home/user/software/vivado2024/Vivado/2024.1/lib/lnx64.o/librdi_synth.so(DFGraph::traverseTopDown(void (*)(DFNode*), UFlags<Option>, UHashList<DFEdge*, DFEdge*, UEKey<DFEdge*>, UHashListNode<DFEdge*>, DFEdge*>*, DFGraph*)+0x20) [0x706af85fda10]
/home/user/software/vivado2024/Vivado/2024.1/lib/lnx64.o/librdi_synth.so(HARTHOptPost::topDownPass(void (*)(DFNode*), std::__cxx11::basic_string<char, std::char_traits<char>, std::allocator<char> >, bool)+0x1e) [0x706af6f360ce]
/home/user/software/vivado2024/Vivado/2024.1/lib/lnx64.o/librdi_synth.so(HARTHOptPost::prepDsps()+0x753) [0x706af6f36d63]
/home/user/software/vivado2024/Vivado/2024.1/lib/lnx64.o/librdi_synth.so(HARTHOptPost::optimize()+0x1cf0) [0x706af6f3a960]
/home/user/software/vivado2024/Vivado/2024.1/lib/lnx64.o/librdi_synth.so(HARTHOptDfg::optCallbackPost(DFGraph*)+0x1f) [0x706af770480f]
/home/user/software/vivado2024/Vivado/2024.1/lib/lnx64.o/librdi_synth.so(HARTNDb::HARTReSynthReInfer(HOptRestructDfg&, NRealModC*, HARTNDb::MergePhase)+0x226) [0x706af7058346]
/home/user/software/vivado2024/Vivado/2024.1/lib/lnx64.o/librdi_synth.so(HARTNDb::HARTMergeResynPartitionsR(NRealMod, HARTNDb::MergePhase, bool)+0x1d7f) [0x706af708126f]
/home/user/software/vivado2024/Vivado/2024.1/lib/lnx64.o/librdi_synth.so(HARTNDb::HARTMergeResynPartitions(NRealMod, HARTNDb::MergePhase, bool)+0x180) [0x706af70829d0]
/home/user/software/vivado2024/Vivado/2024.1/lib/lnx64.o/librdi_synth.so(HARTNDb::reSynthReInfer(bool)+0xe2) [0x706af7082bf2]
/home/user/software/vivado2024/Vivado/2024.1/lib/lnx64.o/librdi_synth.so(+0x1419763) [0x706af7219763]
/home/user/software/vivado2024/Vivado/2024.1/lib/lnx64.o/librdi_synth.so(+0x13623e5) [0x706af71623e5]
/home/user/software/vivado2024/Vivado/2024.1/lib/lnx64.o/libtcl8.6.so(TclNRRunCallbacks+0x47) [0x706b30484497]
/home/user/software/vivado2024/Vivado/2024.1/lib/lnx64.o/librdi_commontasks.so(+0x25c6d1) [0x706b2545c6d1]
/home/user/software/vivado2024/Vivado/2024.1/lib/lnx64.o/libtcl8.6.so(TclNRRunCallbacks+0x47) [0x706b30484497]
/home/user/software/vivado2024/Vivado/2024.1/lib/lnx64.o/librdi_commontasks.so(+0x25c6d1) [0x706b2545c6d1]
/home/user/software/vivado2024/Vivado/2024.1/lib/lnx64.o/libtcl8.6.so(TclNRRunCallbacks+0x47) [0x706b30484497]
/home/user/software/vivado2024/Vivado/2024.1/lib/lnx64.o/libtcl8.6.so(+0x45309) [0x706b30486309]
/home/user/software/vivado2024/Vivado/2024.1/lib/lnx64.o/libtcl8.6.so(Tcl_FSEvalFileEx+0x1f8) [0x706b3053bae8]
/home/user/software/vivado2024/Vivado/2024.1/lib/lnx64.o/librdi_commontasks.so(+0x27c1d5) [0x706b2547c1d5]
/home/user/software/vivado2024/Vivado/2024.1/lib/lnx64.o/librdi_common.so(+0xd85d9f) [0x706b31b85d9f]
/home/user/software/vivado2024/Vivado/2024.1/lib/lnx64.o/libtcl8.6.so(TclNRRunCallbacks+0x47) [0x706b30484497]
/home/user/software/vivado2024/Vivado/2024.1/lib/lnx64.o/libtcl8.6.so(+0x45309) [0x706b30486309]
/home/user/software/vivado2024/Vivado/2024.1/lib/lnx64.o/libtcl8.6.so(Tcl_FSEvalFileEx+0x1f8) [0x706b3053bae8]
/home/user/software/vivado2024/Vivado/2024.1/lib/lnx64.o/librdi_commontasks.so(+0x27c1d5) [0x706b2547c1d5]
/home/user/software/vivado2024/Vivado/2024.1/lib/lnx64.o/librdi_common.so(+0xd85d9f) [0x706b31b85d9f]
/home/user/software/vivado2024/Vivado/2024.1/lib/lnx64.o/libtcl8.6.so(TclNRRunCallbacks+0x47) [0x706b30484497]
/home/user/software/vivado2024/Vivado/2024.1/lib/lnx64.o/librdi_commontasks.so(+0x25c6d1) [0x706b2545c6d1]
/home/user/software/vivado2024/Vivado/2024.1/lib/lnx64.o/libtcl8.6.so(TclNRRunCallbacks+0x47) [0x706b30484497]
/home/user/software/vivado2024/Vivado/2024.1/lib/lnx64.o/librdi_common.so(hdi::tcltasks::task_manager::eval_in_tcl(Tcl_Interp*, Tcl_Obj*, char const*, bool)+0x7ad) [0x706b31b8415d]
/home/user/software/vivado2024/Vivado/2024.1/lib/lnx64.o/librdi_synth.so(HARTSWorker::runInternal()+0xe5) [0x706af7d587a5]
/home/user/software/vivado2024/Vivado/2024.1/lib/lnx64.o/librdi_synth.so(HARTSWorker::runJob(HARTSWorkerConfig&)+0x3f) [0x706af7d59f5f]
/home/user/software/vivado2024/Vivado/2024.1/lib/lnx64.o/librdi_synth.so(HARTSWorker::mainLoop()+0x8b) [0x706af7d5bc4b]
/home/user/software/vivado2024/Vivado/2024.1/lib/lnx64.o/librdi_synth.so(HARTNDb::parallelListen(char const*, char const*, char const*)+0x39) [0x706af70dece9]
/home/user/software/vivado2024/Vivado/2024.1/lib/lnx64.o/librdi_synth.so(+0x14a4a74) [0x706af72a4a74]
/home/user/software/vivado2024/Vivado/2024.1/lib/lnx64.o/librdi_synth.so(+0x13623e5) [0x706af71623e5]
/home/user/software/vivado2024/Vivado/2024.1/lib/lnx64.o/libtcl8.6.so(TclNRRunCallbacks+0x47) [0x706b30484497]
/home/user/software/vivado2024/Vivado/2024.1/lib/lnx64.o/librdi_commontasks.so(+0x25c62e) [0x706b2545c62e]
/home/user/software/vivado2024/Vivado/2024.1/lib/lnx64.o/libtcl8.6.so(TclNRRunCallbacks+0x47) [0x706b30484497]
/home/user/software/vivado2024/Vivado/2024.1/lib/lnx64.o/libtcl8.6.so(+0x45309) [0x706b30486309]
/home/user/software/vivado2024/Vivado/2024.1/lib/lnx64.o/libtcl8.6.so(Tcl_FSEvalFileEx+0x1f8) [0x706b3053bae8]
/home/user/software/vivado2024/Vivado/2024.1/lib/lnx64.o/librdi_commontasks.so(+0x27c1d5) [0x706b2547c1d5]
/home/user/software/vivado2024/Vivado/2024.1/lib/lnx64.o/librdi_common.so(+0xd85d9f) [0x706b31b85d9f]
/home/user/software/vivado2024/Vivado/2024.1/lib/lnx64.o/libtcl8.6.so(TclNRRunCallbacks+0x47) [0x706b30484497]
/home/user/software/vivado2024/Vivado/2024.1/lib/lnx64.o/librdi_commontasks.so(+0x2c4bad) [0x706b254c4bad]
/home/user/software/vivado2024/Vivado/2024.1/lib/lnx64.o/librdi_commontasks.so(+0x2c61df) [0x706b254c61df]
/home/user/software/vivado2024/Vivado/2024.1/lib/lnx64.o/librdi_common.so(+0xd85d9f) [0x706b31b85d9f]
/home/user/software/vivado2024/Vivado/2024.1/lib/lnx64.o/libtcl8.6.so(TclNRRunCallbacks+0x47) [0x706b30484497]
/home/user/software/vivado2024/Vivado/2024.1/lib/lnx64.o/librdi_commonmain.so(+0xe6d2) [0x706b32ad56d2]
/home/user/software/vivado2024/Vivado/2024.1/lib/lnx64.o/libtcl8.6.so(Tcl_MainEx+0x1a8) [0x706b30543038]
/home/user/software/vivado2024/Vivado/2024.1/lib/lnx64.o/librdi_common.so(+0xdaf42b) [0x706b31baf42b]
/lib/x86_64-linux-gnu/libc.so.6(+0x94ac3) [0x706b30294ac3]
/lib/x86_64-linux-gnu/libc.so.6(+0x126850) [0x706b30326850]
